The system is: Linux - 4.14.143-118.123.amzn2.x86_64 - x86_64
Compiling the CXX compiler identification source file "CMakeCXXCompilerId.cpp" succeeded.
Compiler: /usr/bin/c++ 
Build flags: 
Id flags:  

The output was:
0


Compilation of the CXX compiler identification source "CMakeCXXCompilerId.cpp" produced "a.out"

The CXX compiler identification is GNU, found in "/home/ec2-user/tirta/supercomp2/projeto-03/build/CMakeFiles/3.13.3/CompilerIdCXX/a.out"

Compiling the CUDA compiler identification source file "CMakeCUDACompilerId.cu" succeeded.
Compiler: /usr/local/cuda/bin/nvcc 
Build flags: 
Id flags:  -v;--keep;--keep-dir;tmp

The output was:
0
#$ _SPACE_= 
#$ _CUDART_=cudart
#$ _HERE_=/usr/local/cuda/bin
#$ _THERE_=/usr/local/cuda/bin
#$ _TARGET_SIZE_=
#$ _TARGET_DIR_=
#$ _TARGET_SIZE_=64
#$ TOP=/usr/local/cuda/bin/..
#$ NVVMIR_LIBRARY_DIR=/usr/local/cuda/bin/../nvvm/libdevice
#$ LD_LIBRARY_PATH=/usr/local/cuda/bin/../lib:/lib:/usr/local/cuda/lib64:/usr/local/lib:/usr/lib:/usr/local/cuda/extras/CUPTI/lib64:/usr/local/mpi/lib:/usr/lib64/openmpi/lib/:/usr/local/cuda/lib64:/usr/local/lib:/usr/lib:/usr/local/cuda/extras/CUPTI/lib64:/usr/local/mpi/lib:/lib/:/lib:/usr/local/cuda/lib64:/usr/local/lib:/usr/lib:/usr/local/cuda/extras/CUPTI/lib64:/usr/local/mpi/lib:/usr/lib64/openmpi/lib/:/usr/local/cuda/lib64:/usr/local/lib:/usr/lib:/usr/local/cuda/extras/CUPTI/lib64:/usr/local/mpi/lib:/lib/:
#$ PATH=/usr/local/cuda/bin/../nvvm/bin:/usr/local/cuda/bin:/usr/local/cuda/bin:/usr/local/bin:/opt/aws/bin:/home/ec2-user/src/cntk/bin:/usr/local/mpi/bin:/home/ec2-user/anaconda3/bin/:/usr/libexec/gcc/x86_64-redhat-linux/7:/usr/local/cuda/bin:/usr/local/bin:/opt/aws/bin:/usr/local/mpi/bin:/usr/local/cuda/bin:/usr/local/bin:/opt/aws/bin:/home/ec2-user/src/cntk/bin:/usr/local/mpi/bin:/usr/libexec/gcc/x86_64-redhat-linux/7:/usr/local/cuda/bin:/usr/local/bin:/opt/aws/bin:/usr/local/mpi/bin:/usr/local/bin:/usr/bin:/usr/local/sbin:/usr/sbin:/home/ec2-user/.local/bin:/home/ec2-user/bin
#$ INCLUDES="-I/usr/local/cuda/bin/..//include"  
#$ LIBRARIES=  "-L/usr/local/cuda/bin/..//lib64/stubs" "-L/usr/local/cuda/bin/..//lib64"
#$ CUDAFE_FLAGS=
#$ PTXAS_FLAGS=
#$ rm tmp/a_dlink.reg.c
#$ gcc -std=c++14 -D__CUDA_ARCH__=300 -E -x c++  -DCUDA_DOUBLE_MATH_FUNCTIONS -D__CUDACC__ -D__NVCC__  "-I/usr/local/cuda/bin/..//include"    -D__CUDACC_VER_MAJOR__=10 -D__CUDACC_VER_MINOR__=0 -D__CUDACC_VER_BUILD__=130 -include "cuda_runtime.h" -m64 "CMakeCUDACompilerId.cu" > "tmp/CMakeCUDACompilerId.cpp1.ii" 
#$ cicc --c++14 --gnu_version=70301 --allow_managed   -arch compute_30 -m64 -ftz=0 -prec_div=1 -prec_sqrt=1 -fmad=1 --include_file_name "CMakeCUDACompilerId.fatbin.c" -tused -nvvmir-library "/usr/local/cuda/bin/../nvvm/libdevice/libdevice.10.bc" --gen_module_id_file --module_id_file_name "tmp/CMakeCUDACompilerId.module_id" --orig_src_file_name "CMakeCUDACompilerId.cu" --gen_c_file_name "tmp/CMakeCUDACompilerId.cudafe1.c" --stub_file_name "tmp/CMakeCUDACompilerId.cudafe1.stub.c" --gen_device_file_name "tmp/CMakeCUDACompilerId.cudafe1.gpu"  "tmp/CMakeCUDACompilerId.cpp1.ii" -o "tmp/CMakeCUDACompilerId.ptx"
#$ ptxas -arch=sm_30 -m64  "tmp/CMakeCUDACompilerId.ptx"  -o "tmp/CMakeCUDACompilerId.sm_30.cubin" 
#$ fatbinary --create="tmp/CMakeCUDACompilerId.fatbin" -64 "--image=profile=sm_30,file=tmp/CMakeCUDACompilerId.sm_30.cubin" "--image=profile=compute_30,file=tmp/CMakeCUDACompilerId.ptx" --embedded-fatbin="tmp/CMakeCUDACompilerId.fatbin.c" --cuda
#$ gcc -std=c++14 -E -x c++ -D__CUDACC__ -D__NVCC__  "-I/usr/local/cuda/bin/..//include"    -D__CUDACC_VER_MAJOR__=10 -D__CUDACC_VER_MINOR__=0 -D__CUDACC_VER_BUILD__=130 -include "cuda_runtime.h" -m64 "CMakeCUDACompilerId.cu" > "tmp/CMakeCUDACompilerId.cpp4.ii" 
#$ cudafe++ --c++14 --gnu_version=70301 --allow_managed  --m64 --parse_templates --gen_c_file_name "tmp/CMakeCUDACompilerId.cudafe1.cpp" --stub_file_name "CMakeCUDACompilerId.cudafe1.stub.c" --module_id_file_name "tmp/CMakeCUDACompilerId.module_id" "tmp/CMakeCUDACompilerId.cpp4.ii" 
#$ gcc -std=c++14 -D__CUDA_ARCH__=300 -c -x c++  -DCUDA_DOUBLE_MATH_FUNCTIONS "-I/usr/local/cuda/bin/..//include"   -m64 -o "tmp/CMakeCUDACompilerId.o" "tmp/CMakeCUDACompilerId.cudafe1.cpp" 
#$ nvlink --arch=sm_30 --register-link-binaries="tmp/a_dlink.reg.c"  -m64   "-L/usr/local/cuda/bin/..//lib64/stubs" "-L/usr/local/cuda/bin/..//lib64" -cpu-arch=X86_64 "tmp/CMakeCUDACompilerId.o"  -o "tmp/a_dlink.sm_30.cubin"
#$ fatbinary --create="tmp/a_dlink.fatbin" -64 -link "--image=profile=sm_30,file=tmp/a_dlink.sm_30.cubin" --embedded-fatbin="tmp/a_dlink.fatbin.c" 
#$ gcc -std=c++14 -c -x c++ -DFATBINFILE="\"tmp/a_dlink.fatbin.c\"" -DREGISTERLINKBINARYFILE="\"tmp/a_dlink.reg.c\"" -I. -D__NV_EXTRA_INITIALIZATION= -D__NV_EXTRA_FINALIZATION= -D__CUDA_INCLUDE_COMPILER_INTERNAL_HEADERS__  "-I/usr/local/cuda/bin/..//include"    -D__CUDACC_VER_MAJOR__=10 -D__CUDACC_VER_MINOR__=0 -D__CUDACC_VER_BUILD__=130 -m64 -o "tmp/a_dlink.o" "/usr/local/cuda/bin/crt/link.stub" 
#$ g++ -m64 -o "a.out" -std=c++14 -Wl,--start-group "tmp/a_dlink.o" "tmp/CMakeCUDACompilerId.o"   "-L/usr/local/cuda/bin/..//lib64/stubs" "-L/usr/local/cuda/bin/..//lib64" -lcudadevrt  -lcudart_static  -lrt -lpthread  -ldl  -Wl,--end-group 


Compilation of the CUDA compiler identification source "CMakeCUDACompilerId.cu" produced "a.out"

The CUDA compiler identification is NVIDIA, found in "/home/ec2-user/tirta/supercomp2/projeto-03/build/CMakeFiles/3.13.3/CompilerIdCUDA/a.out"

Parsed CUDA nvcc implicit link information from above output:
  found 'PATH=' string: [/usr/local/cuda/bin/../nvvm/bin:/usr/local/cuda/bin:/usr/local/cuda/bin:/usr/local/bin:/opt/aws/bin:/home/ec2-user/src/cntk/bin:/usr/local/mpi/bin:/home/ec2-user/anaconda3/bin/:/usr/libexec/gcc/x86_64-redhat-linux/7:/usr/local/cuda/bin:/usr/local/bin:/opt/aws/bin:/usr/local/mpi/bin:/usr/local/cuda/bin:/usr/local/bin:/opt/aws/bin:/home/ec2-user/src/cntk/bin:/usr/local/mpi/bin:/usr/libexec/gcc/x86_64-redhat-linux/7:/usr/local/cuda/bin:/usr/local/bin:/opt/aws/bin:/usr/local/mpi/bin:/usr/local/bin:/usr/bin:/usr/local/sbin:/usr/sbin:/home/ec2-user/.local/bin:/home/ec2-user/bin]
  found 'LIBRARIES=' string: ["-L/usr/local/cuda/bin/..//lib64/stubs" "-L/usr/local/cuda/bin/..//lib64"]
  considering line: [#$ rm tmp/a_dlink.reg.c]
  considering line: [gcc -std=c++14 -D__CUDA_ARCH__=300 -E -x c++  -DCUDA_DOUBLE_MATH_FUNCTIONS -D__CUDACC__ -D__NVCC__  "-I/usr/local/cuda/bin/..//include"    -D__CUDACC_VER_MAJOR__=10 -D__CUDACC_VER_MINOR__=0 -D__CUDACC_VER_BUILD__=130 -include "cuda_runtime.h" -m64 "CMakeCUDACompilerId.cu" > "tmp/CMakeCUDACompilerId.cpp1.ii" ]
  considering line: [cicc --c++14 --gnu_version=70301 --allow_managed   -arch compute_30 -m64 -ftz=0 -prec_div=1 -prec_sqrt=1 -fmad=1 --include_file_name "CMakeCUDACompilerId.fatbin.c" -tused -nvvmir-library "/usr/local/cuda/bin/../nvvm/libdevice/libdevice.10.bc" --gen_module_id_file --module_id_file_name "tmp/CMakeCUDACompilerId.module_id" --orig_src_file_name "CMakeCUDACompilerId.cu" --gen_c_file_name "tmp/CMakeCUDACompilerId.cudafe1.c" --stub_file_name "tmp/CMakeCUDACompilerId.cudafe1.stub.c" --gen_device_file_name "tmp/CMakeCUDACompilerId.cudafe1.gpu"  "tmp/CMakeCUDACompilerId.cpp1.ii" -o "tmp/CMakeCUDACompilerId.ptx"]
  considering line: [ptxas -arch=sm_30 -m64  "tmp/CMakeCUDACompilerId.ptx"  -o "tmp/CMakeCUDACompilerId.sm_30.cubin" ]
  considering line: [fatbinary --create="tmp/CMakeCUDACompilerId.fatbin" -64 "--image=profile=sm_30,file=tmp/CMakeCUDACompilerId.sm_30.cubin" "--image=profile=compute_30,file=tmp/CMakeCUDACompilerId.ptx" --embedded-fatbin="tmp/CMakeCUDACompilerId.fatbin.c" --cuda]
  considering line: [gcc -std=c++14 -E -x c++ -D__CUDACC__ -D__NVCC__  "-I/usr/local/cuda/bin/..//include"    -D__CUDACC_VER_MAJOR__=10 -D__CUDACC_VER_MINOR__=0 -D__CUDACC_VER_BUILD__=130 -include "cuda_runtime.h" -m64 "CMakeCUDACompilerId.cu" > "tmp/CMakeCUDACompilerId.cpp4.ii" ]
  considering line: [cudafe++ --c++14 --gnu_version=70301 --allow_managed  --m64 --parse_templates --gen_c_file_name "tmp/CMakeCUDACompilerId.cudafe1.cpp" --stub_file_name "CMakeCUDACompilerId.cudafe1.stub.c" --module_id_file_name "tmp/CMakeCUDACompilerId.module_id" "tmp/CMakeCUDACompilerId.cpp4.ii" ]
  considering line: [gcc -std=c++14 -D__CUDA_ARCH__=300 -c -x c++  -DCUDA_DOUBLE_MATH_FUNCTIONS "-I/usr/local/cuda/bin/..//include"   -m64 -o "tmp/CMakeCUDACompilerId.o" "tmp/CMakeCUDACompilerId.cudafe1.cpp" ]
  considering line: [nvlink --arch=sm_30 --register-link-binaries="tmp/a_dlink.reg.c"  -m64   "-L/usr/local/cuda/bin/..//lib64/stubs" "-L/usr/local/cuda/bin/..//lib64" -cpu-arch=X86_64 "tmp/CMakeCUDACompilerId.o"  -o "tmp/a_dlink.sm_30.cubin"]
    ignoring nvlink line
  considering line: [fatbinary --create="tmp/a_dlink.fatbin" -64 -link "--image=profile=sm_30,file=tmp/a_dlink.sm_30.cubin" --embedded-fatbin="tmp/a_dlink.fatbin.c" ]
  considering line: [gcc -std=c++14 -c -x c++ -DFATBINFILE="\"tmp/a_dlink.fatbin.c\"" -DREGISTERLINKBINARYFILE="\"tmp/a_dlink.reg.c\"" -I. -D__NV_EXTRA_INITIALIZATION= -D__NV_EXTRA_FINALIZATION= -D__CUDA_INCLUDE_COMPILER_INTERNAL_HEADERS__  "-I/usr/local/cuda/bin/..//include"    -D__CUDACC_VER_MAJOR__=10 -D__CUDACC_VER_MINOR__=0 -D__CUDACC_VER_BUILD__=130 -m64 -o "tmp/a_dlink.o" "/usr/local/cuda/bin/crt/link.stub" ]
  considering line: [g++ -m64 -o "a.out" -std=c++14 -Wl,--start-group "tmp/a_dlink.o" "tmp/CMakeCUDACompilerId.o"   "-L/usr/local/cuda/bin/..//lib64/stubs" "-L/usr/local/cuda/bin/..//lib64" -lcudadevrt  -lcudart_static  -lrt -lpthread  -ldl  -Wl,--end-group ]
    extracted link line: [g++ -m64 -o "a.out" -std=c++14 -Wl,--start-group "tmp/a_dlink.o" "tmp/CMakeCUDACompilerId.o"   "-L/usr/local/cuda/bin/..//lib64/stubs" "-L/usr/local/cuda/bin/..//lib64" -lcudadevrt  -lcudart_static  -lrt -lpthread  -ldl  -Wl,--end-group ]
  considering line: []
  extracted link launcher name: [g++]
  found link launcher absolute path: [/usr/bin/g++]

  link line regex: [^( *|.*[/\])(ld|CMAKE_LINK_STARTFILE-NOTFOUND|([^/\]+-)?ld|collect2)[^/\]*( |$)]
  link line: [cuda-fake-ld g++ -m64 -o "a.out" -std=c++14 -Wl,--start-group "tmp/a_dlink.o" "tmp/CMakeCUDACompilerId.o"   "-L/usr/local/cuda/bin/..//lib64/stubs" "-L/usr/local/cuda/bin/..//lib64" -lcudadevrt  -lcudart_static  -lrt -lpthread  -ldl  -Wl,--end-group ]
    arg [cuda-fake-ld] ==> ignore
    arg [g++] ==> ignore
    arg [-m64] ==> ignore
    arg [-o] ==> ignore
    arg [a.out] ==> ignore
    arg [-std=c++14] ==> ignore
    arg [-Wl,--start-group] ==> ignore
    arg [tmp/a_dlink.o] ==> ignore
    arg [tmp/CMakeCUDACompilerId.o] ==> ignore
    arg [-L/usr/local/cuda/bin/..//lib64/stubs] ==> dir [/usr/local/cuda/bin/..//lib64/stubs]
    arg [-L/usr/local/cuda/bin/..//lib64] ==> dir [/usr/local/cuda/bin/..//lib64]
    arg [-lcudadevrt] ==> lib [cudadevrt]
    arg [-lcudart_static] ==> lib [cudart_static]
    arg [-lrt] ==> lib [rt]
    arg [-lpthread] ==> lib [pthread]
    arg [-ldl] ==> lib [dl]
    arg [-Wl,--end-group] ==> ignore
  collapse library dir [/usr/local/cuda/bin/..//lib64/stubs] ==> [/usr/local/cuda/lib64/stubs]
  collapse library dir [/usr/local/cuda/bin/..//lib64] ==> [/usr/local/cuda/lib64]
  implicit libs: [cudadevrt;cudart_static;rt;pthread;dl]
  implicit dirs: [/usr/local/cuda/lib64/stubs;/usr/local/cuda/lib64]
  implicit fwks: []


Parsed CUDA nvcc include information from above output:
  found 'PATH=' string: [/usr/local/cuda/bin/../nvvm/bin:/usr/local/cuda/bin:/usr/local/cuda/bin:/usr/local/bin:/opt/aws/bin:/home/ec2-user/src/cntk/bin:/usr/local/mpi/bin:/home/ec2-user/anaconda3/bin/:/usr/libexec/gcc/x86_64-redhat-linux/7:/usr/local/cuda/bin:/usr/local/bin:/opt/aws/bin:/usr/local/mpi/bin:/usr/local/cuda/bin:/usr/local/bin:/opt/aws/bin:/home/ec2-user/src/cntk/bin:/usr/local/mpi/bin:/usr/libexec/gcc/x86_64-redhat-linux/7:/usr/local/cuda/bin:/usr/local/bin:/opt/aws/bin:/usr/local/mpi/bin:/usr/local/bin:/usr/bin:/usr/local/sbin:/usr/sbin:/home/ec2-user/.local/bin:/home/ec2-user/bin]
  found 'LIBRARIES=' string: ["-L/usr/local/cuda/bin/..//lib64/stubs" "-L/usr/local/cuda/bin/..//lib64"]
  considering line: [#$ rm tmp/a_dlink.reg.c]
  considering line: [gcc -std=c++14 -D__CUDA_ARCH__=300 -E -x c++  -DCUDA_DOUBLE_MATH_FUNCTIONS -D__CUDACC__ -D__NVCC__  "-I/usr/local/cuda/bin/..//include"    -D__CUDACC_VER_MAJOR__=10 -D__CUDACC_VER_MINOR__=0 -D__CUDACC_VER_BUILD__=130 -include "cuda_runtime.h" -m64 "CMakeCUDACompilerId.cu" > "tmp/CMakeCUDACompilerId.cpp1.ii" ]
  considering line: [cicc --c++14 --gnu_version=70301 --allow_managed   -arch compute_30 -m64 -ftz=0 -prec_div=1 -prec_sqrt=1 -fmad=1 --include_file_name "CMakeCUDACompilerId.fatbin.c" -tused -nvvmir-library "/usr/local/cuda/bin/../nvvm/libdevice/libdevice.10.bc" --gen_module_id_file --module_id_file_name "tmp/CMakeCUDACompilerId.module_id" --orig_src_file_name "CMakeCUDACompilerId.cu" --gen_c_file_name "tmp/CMakeCUDACompilerId.cudafe1.c" --stub_file_name "tmp/CMakeCUDACompilerId.cudafe1.stub.c" --gen_device_file_name "tmp/CMakeCUDACompilerId.cudafe1.gpu"  "tmp/CMakeCUDACompilerId.cpp1.ii" -o "tmp/CMakeCUDACompilerId.ptx"]
  considering line: [ptxas -arch=sm_30 -m64  "tmp/CMakeCUDACompilerId.ptx"  -o "tmp/CMakeCUDACompilerId.sm_30.cubin" ]
  considering line: [fatbinary --create="tmp/CMakeCUDACompilerId.fatbin" -64 "--image=profile=sm_30,file=tmp/CMakeCUDACompilerId.sm_30.cubin" "--image=profile=compute_30,file=tmp/CMakeCUDACompilerId.ptx" --embedded-fatbin="tmp/CMakeCUDACompilerId.fatbin.c" --cuda]
  considering line: [gcc -std=c++14 -E -x c++ -D__CUDACC__ -D__NVCC__  "-I/usr/local/cuda/bin/..//include"    -D__CUDACC_VER_MAJOR__=10 -D__CUDACC_VER_MINOR__=0 -D__CUDACC_VER_BUILD__=130 -include "cuda_runtime.h" -m64 "CMakeCUDACompilerId.cu" > "tmp/CMakeCUDACompilerId.cpp4.ii" ]
  considering line: [cudafe++ --c++14 --gnu_version=70301 --allow_managed  --m64 --parse_templates --gen_c_file_name "tmp/CMakeCUDACompilerId.cudafe1.cpp" --stub_file_name "CMakeCUDACompilerId.cudafe1.stub.c" --module_id_file_name "tmp/CMakeCUDACompilerId.module_id" "tmp/CMakeCUDACompilerId.cpp4.ii" ]
  considering line: [gcc -std=c++14 -D__CUDA_ARCH__=300 -c -x c++  -DCUDA_DOUBLE_MATH_FUNCTIONS "-I/usr/local/cuda/bin/..//include"   -m64 -o "tmp/CMakeCUDACompilerId.o" "tmp/CMakeCUDACompilerId.cudafe1.cpp" ]
  considering line: [nvlink --arch=sm_30 --register-link-binaries="tmp/a_dlink.reg.c"  -m64   "-L/usr/local/cuda/bin/..//lib64/stubs" "-L/usr/local/cuda/bin/..//lib64" -cpu-arch=X86_64 "tmp/CMakeCUDACompilerId.o"  -o "tmp/a_dlink.sm_30.cubin"]
    ignoring nvlink line
  considering line: [fatbinary --create="tmp/a_dlink.fatbin" -64 -link "--image=profile=sm_30,file=tmp/a_dlink.sm_30.cubin" --embedded-fatbin="tmp/a_dlink.fatbin.c" ]
  considering line: [gcc -std=c++14 -c -x c++ -DFATBINFILE="\"tmp/a_dlink.fatbin.c\"" -DREGISTERLINKBINARYFILE="\"tmp/a_dlink.reg.c\"" -I. -D__NV_EXTRA_INITIALIZATION= -D__NV_EXTRA_FINALIZATION= -D__CUDA_INCLUDE_COMPILER_INTERNAL_HEADERS__  "-I/usr/local/cuda/bin/..//include"    -D__CUDACC_VER_MAJOR__=10 -D__CUDACC_VER_MINOR__=0 -D__CUDACC_VER_BUILD__=130 -m64 -o "tmp/a_dlink.o" "/usr/local/cuda/bin/crt/link.stub" ]
  considering line: [g++ -m64 -o "a.out" -std=c++14 -Wl,--start-group "tmp/a_dlink.o" "tmp/CMakeCUDACompilerId.o"   "-L/usr/local/cuda/bin/..//lib64/stubs" "-L/usr/local/cuda/bin/..//lib64" -lcudadevrt  -lcudart_static  -lrt -lpthread  -ldl  -Wl,--end-group ]
    extracted link line: [g++ -m64 -o "a.out" -std=c++14 -Wl,--start-group "tmp/a_dlink.o" "tmp/CMakeCUDACompilerId.o"   "-L/usr/local/cuda/bin/..//lib64/stubs" "-L/usr/local/cuda/bin/..//lib64" -lcudadevrt  -lcudart_static  -lrt -lpthread  -ldl  -Wl,--end-group ]
  considering line: []
  extracted link launcher name: [g++]
  found link launcher absolute path: [/usr/bin/g++]
  found 'INCLUDES=' string: ["-I/usr/local/cuda/bin/..//include"  ]

  link line regex: [^( *|.*[/\])(ld|CMAKE_LINK_STARTFILE-NOTFOUND|([^/\]+-)?ld|collect2)[^/\]*( |$)]
  link line: [cuda-fake-ld g++ -m64 -o "a.out" -std=c++14 -Wl,--start-group "tmp/a_dlink.o" "tmp/CMakeCUDACompilerId.o"   "-L/usr/local/cuda/bin/..//lib64/stubs" "-L/usr/local/cuda/bin/..//lib64" -lcudadevrt  -lcudart_static  -lrt -lpthread  -ldl  -Wl,--end-group ]
    arg [cuda-fake-ld] ==> ignore
    arg [g++] ==> ignore
    arg [-m64] ==> ignore
    arg [-o] ==> ignore
    arg [a.out] ==> ignore
    arg [-std=c++14] ==> ignore
    arg [-Wl,--start-group] ==> ignore
    arg [tmp/a_dlink.o] ==> ignore
    arg [tmp/CMakeCUDACompilerId.o] ==> ignore
    arg [-L/usr/local/cuda/bin/..//lib64/stubs] ==> dir [/usr/local/cuda/bin/..//lib64/stubs]
    arg [-L/usr/local/cuda/bin/..//lib64] ==> dir [/usr/local/cuda/bin/..//lib64]
    arg [-lcudadevrt] ==> lib [cudadevrt]
    arg [-lcudart_static] ==> lib [cudart_static]
    arg [-lrt] ==> lib [rt]
    arg [-lpthread] ==> lib [pthread]
    arg [-ldl] ==> lib [dl]
    arg [-Wl,--end-group] ==> ignore
  collapse library dir [/usr/local/cuda/bin/..//lib64/stubs] ==> [/usr/local/cuda/lib64/stubs]
  collapse library dir [/usr/local/cuda/bin/..//lib64] ==> [/usr/local/cuda/lib64]
  implicit libs: [cudadevrt;cudart_static;rt;pthread;dl]
  implicit dirs: [/usr/local/cuda/lib64/stubs;/usr/local/cuda/lib64]
  implicit fwks: []


Determining if the CXX compiler works passed with the following output:
Change Dir: /home/ec2-user/tirta/supercomp2/projeto-03/build/CMakeFiles/CMakeTmp

Run Build Command:"/usr/bin/gmake" "cmTC_00cbf/fast"
/usr/bin/gmake -f CMakeFiles/cmTC_00cbf.dir/build.make CMakeFiles/cmTC_00cbf.dir/build
gmake[1]: Entering directory `/home/ec2-user/tirta/supercomp2/projeto-03/build/CMakeFiles/CMakeTmp'
Building CXX object CMakeFiles/cmTC_00cbf.dir/testCXXCompiler.cxx.o
/usr/bin/c++     -o CMakeFiles/cmTC_00cbf.dir/testCXXCompiler.cxx.o -c /home/ec2-user/tirta/supercomp2/projeto-03/build/CMakeFiles/CMakeTmp/testCXXCompiler.cxx
Linking CXX executable cmTC_00cbf
/usr/local/lib64/python3.7/site-packages/cmake/data/bin/cmake -E cmake_link_script CMakeFiles/cmTC_00cbf.dir/link.txt --verbose=1
/usr/bin/c++       -rdynamic CMakeFiles/cmTC_00cbf.dir/testCXXCompiler.cxx.o  -o cmTC_00cbf 
gmake[1]: Leaving directory `/home/ec2-user/tirta/supercomp2/projeto-03/build/CMakeFiles/CMakeTmp'


Detecting CXX compiler ABI info compiled with the following output:
Change Dir: /home/ec2-user/tirta/supercomp2/projeto-03/build/CMakeFiles/CMakeTmp

Run Build Command:"/usr/bin/gmake" "cmTC_1133e/fast"
/usr/bin/gmake -f CMakeFiles/cmTC_1133e.dir/build.make CMakeFiles/cmTC_1133e.dir/build
gmake[1]: Entering directory `/home/ec2-user/tirta/supercomp2/projeto-03/build/CMakeFiles/CMakeTmp'
Building CXX object CMakeFiles/cmTC_1133e.dir/CMakeCXXCompilerABI.cpp.o
/usr/bin/c++     -o CMakeFiles/cmTC_1133e.dir/CMakeCXXCompilerABI.cpp.o -c /usr/local/lib64/python3.7/site-packages/cmake/data/share/cmake-3.13/Modules/CMakeCXXCompilerABI.cpp
Linking CXX executable cmTC_1133e
/usr/local/lib64/python3.7/site-packages/cmake/data/bin/cmake -E cmake_link_script CMakeFiles/cmTC_1133e.dir/link.txt --verbose=1
/usr/bin/c++      -v -rdynamic CMakeFiles/cmTC_1133e.dir/CMakeCXXCompilerABI.cpp.o  -o cmTC_1133e 
Using built-in specs.
COLLECT_GCC=/usr/bin/c++
COLLECT_LTO_WRAPPER=/usr/libexec/gcc/x86_64-redhat-linux/7/lto-wrapper
Target: x86_64-redhat-linux
Configured with: ../configure --enable-bootstrap --enable-languages=c,c++,objc,obj-c++,fortran,ada,go,lto --prefix=/usr --mandir=/usr/share/man --infodir=/usr/share/info --with-bugurl=http://bugzilla.redhat.com/bugzilla --enable-shared --enable-threads=posix --enable-checking=release --enable-multilib --with-system-zlib --enable-__cxa_atexit --disable-libunwind-exceptions --enable-gnu-unique-object --enable-linker-build-id --with-gcc-major-version-only --with-linker-hash-style=gnu --enable-plugin --enable-initfini-array --with-isl --enable-libmpx --enable-libsanitizer --enable-gnu-indirect-function --enable-libcilkrts --enable-libatomic --enable-libquadmath --enable-libitm --with-tune=generic --with-arch_32=x86-64 --build=x86_64-redhat-linux
Thread model: posix
gcc version 7.3.1 20180303 (Red Hat 7.3.1-5) (GCC) 
COMPILER_PATH=/usr/libexec/gcc/x86_64-redhat-linux/7/:/usr/libexec/gcc/x86_64-redhat-linux/7/:/usr/libexec/gcc/x86_64-redhat-linux/:/usr/lib/gcc/x86_64-redhat-linux/7/:/usr/lib/gcc/x86_64-redhat-linux/
LIBRARY_PATH=/usr/lib/gcc/x86_64-redhat-linux/7/:/usr/lib/gcc/x86_64-redhat-linux/7/../../../../lib64/:/lib/../lib64/:/usr/lib/../lib64/:/usr/lib/gcc/x86_64-redhat-linux/7/../../../:/lib/:/usr/lib/
COLLECT_GCC_OPTIONS='-v' '-rdynamic' '-o' 'cmTC_1133e' '-shared-libgcc' '-mtune=generic' '-march=x86-64'
 /usr/libexec/gcc/x86_64-redhat-linux/7/collect2 -plugin /usr/libexec/gcc/x86_64-redhat-linux/7/liblto_plugin.so -plugin-opt=/usr/libexec/gcc/x86_64-redhat-linux/7/lto-wrapper -plugin-opt=-fresolution=/tmp/ccE7OnDF.res -plugin-opt=-pass-through=-lgcc_s -plugin-opt=-pass-through=-lgcc -plugin-opt=-pass-through=-lc -plugin-opt=-pass-through=-lgcc_s -plugin-opt=-pass-through=-lgcc --build-id --no-add-needed --eh-frame-hdr --hash-style=gnu -m elf_x86_64 -export-dynamic -dynamic-linker /lib64/ld-linux-x86-64.so.2 -o cmTC_1133e /usr/lib/gcc/x86_64-redhat-linux/7/../../../../lib64/crt1.o /usr/lib/gcc/x86_64-redhat-linux/7/../../../../lib64/crti.o /usr/lib/gcc/x86_64-redhat-linux/7/crtbegin.o -L/usr/lib/gcc/x86_64-redhat-linux/7 -L/usr/lib/gcc/x86_64-redhat-linux/7/../../../../lib64 -L/lib/../lib64 -L/usr/lib/../lib64 -L/usr/lib/gcc/x86_64-redhat-linux/7/../../.. CMakeFiles/cmTC_1133e.dir/CMakeCXXCompilerABI.cpp.o -lstdc++ -lm -lgcc_s -lgcc -lc -lgcc_s -lgcc /usr/lib/gcc/x86_64-redhat-linux/7/crtend.o /usr/lib/gcc/x86_64-redhat-linux/7/../../../../lib64/crtn.o
COLLECT_GCC_OPTIONS='-v' '-rdynamic' '-o' 'cmTC_1133e' '-shared-libgcc' '-mtune=generic' '-march=x86-64'
gmake[1]: Leaving directory `/home/ec2-user/tirta/supercomp2/projeto-03/build/CMakeFiles/CMakeTmp'


Parsed CXX implicit link information from above output:
  link line regex: [^( *|.*[/\])(ld|CMAKE_LINK_STARTFILE-NOTFOUND|([^/\]+-)?ld|collect2)[^/\]*( |$)]
  ignore line: [Change Dir: /home/ec2-user/tirta/supercomp2/projeto-03/build/CMakeFiles/CMakeTmp]
  ignore line: []
  ignore line: [Run Build Command:"/usr/bin/gmake" "cmTC_1133e/fast"]
  ignore line: [/usr/bin/gmake -f CMakeFiles/cmTC_1133e.dir/build.make CMakeFiles/cmTC_1133e.dir/build]
  ignore line: [gmake[1]: Entering directory `/home/ec2-user/tirta/supercomp2/projeto-03/build/CMakeFiles/CMakeTmp']
  ignore line: [Building CXX object CMakeFiles/cmTC_1133e.dir/CMakeCXXCompilerABI.cpp.o]
  ignore line: [/usr/bin/c++     -o CMakeFiles/cmTC_1133e.dir/CMakeCXXCompilerABI.cpp.o -c /usr/local/lib64/python3.7/site-packages/cmake/data/share/cmake-3.13/Modules/CMakeCXXCompilerABI.cpp]
  ignore line: [Linking CXX executable cmTC_1133e]
  ignore line: [/usr/local/lib64/python3.7/site-packages/cmake/data/bin/cmake -E cmake_link_script CMakeFiles/cmTC_1133e.dir/link.txt --verbose=1]
  ignore line: [/usr/bin/c++      -v -rdynamic CMakeFiles/cmTC_1133e.dir/CMakeCXXCompilerABI.cpp.o  -o cmTC_1133e ]
  ignore line: [Using built-in specs.]
  ignore line: [COLLECT_GCC=/usr/bin/c++]
  ignore line: [COLLECT_LTO_WRAPPER=/usr/libexec/gcc/x86_64-redhat-linux/7/lto-wrapper]
  ignore line: [Target: x86_64-redhat-linux]
  ignore line: [Configured with: ../configure --enable-bootstrap --enable-languages=c,c++,objc,obj-c++,fortran,ada,go,lto --prefix=/usr --mandir=/usr/share/man --infodir=/usr/share/info --with-bugurl=http://bugzilla.redhat.com/bugzilla --enable-shared --enable-threads=posix --enable-checking=release --enable-multilib --with-system-zlib --enable-__cxa_atexit --disable-libunwind-exceptions --enable-gnu-unique-object --enable-linker-build-id --with-gcc-major-version-only --with-linker-hash-style=gnu --enable-plugin --enable-initfini-array --with-isl --enable-libmpx --enable-libsanitizer --enable-gnu-indirect-function --enable-libcilkrts --enable-libatomic --enable-libquadmath --enable-libitm --with-tune=generic --with-arch_32=x86-64 --build=x86_64-redhat-linux]
  ignore line: [Thread model: posix]
  ignore line: [gcc version 7.3.1 20180303 (Red Hat 7.3.1-5) (GCC) ]
  ignore line: [COMPILER_PATH=/usr/libexec/gcc/x86_64-redhat-linux/7/:/usr/libexec/gcc/x86_64-redhat-linux/7/:/usr/libexec/gcc/x86_64-redhat-linux/:/usr/lib/gcc/x86_64-redhat-linux/7/:/usr/lib/gcc/x86_64-redhat-linux/]
  ignore line: [LIBRARY_PATH=/usr/lib/gcc/x86_64-redhat-linux/7/:/usr/lib/gcc/x86_64-redhat-linux/7/../../../../lib64/:/lib/../lib64/:/usr/lib/../lib64/:/usr/lib/gcc/x86_64-redhat-linux/7/../../../:/lib/:/usr/lib/]
  ignore line: [COLLECT_GCC_OPTIONS='-v' '-rdynamic' '-o' 'cmTC_1133e' '-shared-libgcc' '-mtune=generic' '-march=x86-64']
  link line: [ /usr/libexec/gcc/x86_64-redhat-linux/7/collect2 -plugin /usr/libexec/gcc/x86_64-redhat-linux/7/liblto_plugin.so -plugin-opt=/usr/libexec/gcc/x86_64-redhat-linux/7/lto-wrapper -plugin-opt=-fresolution=/tmp/ccE7OnDF.res -plugin-opt=-pass-through=-lgcc_s -plugin-opt=-pass-through=-lgcc -plugin-opt=-pass-through=-lc -plugin-opt=-pass-through=-lgcc_s -plugin-opt=-pass-through=-lgcc --build-id --no-add-needed --eh-frame-hdr --hash-style=gnu -m elf_x86_64 -export-dynamic -dynamic-linker /lib64/ld-linux-x86-64.so.2 -o cmTC_1133e /usr/lib/gcc/x86_64-redhat-linux/7/../../../../lib64/crt1.o /usr/lib/gcc/x86_64-redhat-linux/7/../../../../lib64/crti.o /usr/lib/gcc/x86_64-redhat-linux/7/crtbegin.o -L/usr/lib/gcc/x86_64-redhat-linux/7 -L/usr/lib/gcc/x86_64-redhat-linux/7/../../../../lib64 -L/lib/../lib64 -L/usr/lib/../lib64 -L/usr/lib/gcc/x86_64-redhat-linux/7/../../.. CMakeFiles/cmTC_1133e.dir/CMakeCXXCompilerABI.cpp.o -lstdc++ -lm -lgcc_s -lgcc -lc -lgcc_s -lgcc /usr/lib/gcc/x86_64-redhat-linux/7/crtend.o /usr/lib/gcc/x86_64-redhat-linux/7/../../../../lib64/crtn.o]
    arg [/usr/libexec/gcc/x86_64-redhat-linux/7/collect2] ==> ignore
    arg [-plugin] ==> ignore
    arg [/usr/libexec/gcc/x86_64-redhat-linux/7/liblto_plugin.so] ==> ignore
    arg [-plugin-opt=/usr/libexec/gcc/x86_64-redhat-linux/7/lto-wrapper] ==> ignore
    arg [-plugin-opt=-fresolution=/tmp/ccE7OnDF.res] ==> ignore
    arg [-plugin-opt=-pass-through=-lgcc_s] ==> ignore
    arg [-plugin-opt=-pass-through=-lgcc] ==> ignore
    arg [-plugin-opt=-pass-through=-lc] ==> ignore
    arg [-plugin-opt=-pass-through=-lgcc_s] ==> ignore
    arg [-plugin-opt=-pass-through=-lgcc] ==> ignore
    arg [--build-id] ==> ignore
    arg [--no-add-needed] ==> ignore
    arg [--eh-frame-hdr] ==> ignore
    arg [--hash-style=gnu] ==> ignore
    arg [-m] ==> ignore
    arg [elf_x86_64] ==> ignore
    arg [-export-dynamic] ==> ignore
    arg [-dynamic-linker] ==> ignore
    arg [/lib64/ld-linux-x86-64.so.2] ==> ignore
    arg [-o] ==> ignore
    arg [cmTC_1133e] ==> ignore
    arg [/usr/lib/gcc/x86_64-redhat-linux/7/../../../../lib64/crt1.o] ==> ignore
    arg [/usr/lib/gcc/x86_64-redhat-linux/7/../../../../lib64/crti.o] ==> ignore
    arg [/usr/lib/gcc/x86_64-redhat-linux/7/crtbegin.o] ==> ignore
    arg [-L/usr/lib/gcc/x86_64-redhat-linux/7] ==> dir [/usr/lib/gcc/x86_64-redhat-linux/7]
    arg [-L/usr/lib/gcc/x86_64-redhat-linux/7/../../../../lib64] ==> dir [/usr/lib/gcc/x86_64-redhat-linux/7/../../../../lib64]
    arg [-L/lib/../lib64] ==> dir [/lib/../lib64]
    arg [-L/usr/lib/../lib64] ==> dir [/usr/lib/../lib64]
    arg [-L/usr/lib/gcc/x86_64-redhat-linux/7/../../..] ==> dir [/usr/lib/gcc/x86_64-redhat-linux/7/../../..]
    arg [CMakeFiles/cmTC_1133e.dir/CMakeCXXCompilerABI.cpp.o] ==> ignore
    arg [-lstdc++] ==> lib [stdc++]
    arg [-lm] ==> lib [m]
    arg [-lgcc_s] ==> lib [gcc_s]
    arg [-lgcc] ==> lib [gcc]
    arg [-lc] ==> lib [c]
    arg [-lgcc_s] ==> lib [gcc_s]
    arg [-lgcc] ==> lib [gcc]
    arg [/usr/lib/gcc/x86_64-redhat-linux/7/crtend.o] ==> ignore
    arg [/usr/lib/gcc/x86_64-redhat-linux/7/../../../../lib64/crtn.o] ==> ignore
  collapse library dir [/usr/lib/gcc/x86_64-redhat-linux/7] ==> [/usr/lib/gcc/x86_64-redhat-linux/7]
  collapse library dir [/usr/lib/gcc/x86_64-redhat-linux/7/../../../../lib64] ==> [/usr/lib64]
  collapse library dir [/lib/../lib64] ==> [/lib64]
  collapse library dir [/usr/lib/../lib64] ==> [/usr/lib64]
  collapse library dir [/usr/lib/gcc/x86_64-redhat-linux/7/../../..] ==> [/usr/lib]
  implicit libs: [stdc++;m;gcc_s;gcc;c;gcc_s;gcc]
  implicit dirs: [/usr/lib/gcc/x86_64-redhat-linux/7;/usr/lib64;/lib64;/usr/lib]
  implicit fwks: []




Detecting CXX [-std=c++1z] compiler features compiled with the following output:
Change Dir: /home/ec2-user/tirta/supercomp2/projeto-03/build/CMakeFiles/CMakeTmp

Run Build Command:"/usr/bin/gmake" "cmTC_a6f82/fast"
/usr/bin/gmake -f CMakeFiles/cmTC_a6f82.dir/build.make CMakeFiles/cmTC_a6f82.dir/build
gmake[1]: Entering directory `/home/ec2-user/tirta/supercomp2/projeto-03/build/CMakeFiles/CMakeTmp'
Building CXX object CMakeFiles/cmTC_a6f82.dir/feature_tests.cxx.o
/usr/bin/c++    -std=c++1z -o CMakeFiles/cmTC_a6f82.dir/feature_tests.cxx.o -c /home/ec2-user/tirta/supercomp2/projeto-03/build/CMakeFiles/feature_tests.cxx
Linking CXX executable cmTC_a6f82
/usr/local/lib64/python3.7/site-packages/cmake/data/bin/cmake -E cmake_link_script CMakeFiles/cmTC_a6f82.dir/link.txt --verbose=1
/usr/bin/c++       -rdynamic CMakeFiles/cmTC_a6f82.dir/feature_tests.cxx.o  -o cmTC_a6f82 
gmake[1]: Leaving directory `/home/ec2-user/tirta/supercomp2/projeto-03/build/CMakeFiles/CMakeTmp'


    Feature record: CXX_FEATURE:1cxx_aggregate_default_initializers
    Feature record: CXX_FEATURE:1cxx_alias_templates
    Feature record: CXX_FEATURE:1cxx_alignas
    Feature record: CXX_FEATURE:1cxx_alignof
    Feature record: CXX_FEATURE:1cxx_attributes
    Feature record: CXX_FEATURE:1cxx_attribute_deprecated
    Feature record: CXX_FEATURE:1cxx_auto_type
    Feature record: CXX_FEATURE:1cxx_binary_literals
    Feature record: CXX_FEATURE:1cxx_constexpr
    Feature record: CXX_FEATURE:1cxx_contextual_conversions
    Feature record: CXX_FEATURE:1cxx_decltype
    Feature record: CXX_FEATURE:1cxx_decltype_auto
    Feature record: CXX_FEATURE:1cxx_decltype_incomplete_return_types
    Feature record: CXX_FEATURE:1cxx_default_function_template_args
    Feature record: CXX_FEATURE:1cxx_defaulted_functions
    Feature record: CXX_FEATURE:1cxx_defaulted_move_initializers
    Feature record: CXX_FEATURE:1cxx_delegating_constructors
    Feature record: CXX_FEATURE:1cxx_deleted_functions
    Feature record: CXX_FEATURE:1cxx_digit_separators
    Feature record: CXX_FEATURE:1cxx_enum_forward_declarations
    Feature record: CXX_FEATURE:1cxx_explicit_conversions
    Feature record: CXX_FEATURE:1cxx_extended_friend_declarations
    Feature record: CXX_FEATURE:1cxx_extern_templates
    Feature record: CXX_FEATURE:1cxx_final
    Feature record: CXX_FEATURE:1cxx_func_identifier
    Feature record: CXX_FEATURE:1cxx_generalized_initializers
    Feature record: CXX_FEATURE:1cxx_generic_lambdas
    Feature record: CXX_FEATURE:1cxx_inheriting_constructors
    Feature record: CXX_FEATURE:1cxx_inline_namespaces
    Feature record: CXX_FEATURE:1cxx_lambdas
    Feature record: CXX_FEATURE:1cxx_lambda_init_captures
    Feature record: CXX_FEATURE:1cxx_local_type_template_args
    Feature record: CXX_FEATURE:1cxx_long_long_type
    Feature record: CXX_FEATURE:1cxx_noexcept
    Feature record: CXX_FEATURE:1cxx_nonstatic_member_init
    Feature record: CXX_FEATURE:1cxx_nullptr
    Feature record: CXX_FEATURE:1cxx_override
    Feature record: CXX_FEATURE:1cxx_range_for
    Feature record: CXX_FEATURE:1cxx_raw_string_literals
    Feature record: CXX_FEATURE:1cxx_reference_qualified_functions
    Feature record: CXX_FEATURE:1cxx_relaxed_constexpr
    Feature record: CXX_FEATURE:1cxx_return_type_deduction
    Feature record: CXX_FEATURE:1cxx_right_angle_brackets
    Feature record: CXX_FEATURE:1cxx_rvalue_references
    Feature record: CXX_FEATURE:1cxx_sizeof_member
    Feature record: CXX_FEATURE:1cxx_static_assert
    Feature record: CXX_FEATURE:1cxx_strong_enums
    Feature record: CXX_FEATURE:1cxx_template_template_parameters
    Feature record: CXX_FEATURE:1cxx_thread_local
    Feature record: CXX_FEATURE:1cxx_trailing_return_types
    Feature record: CXX_FEATURE:1cxx_unicode_literals
    Feature record: CXX_FEATURE:1cxx_uniform_initialization
    Feature record: CXX_FEATURE:1cxx_unrestricted_unions
    Feature record: CXX_FEATURE:1cxx_user_literals
    Feature record: CXX_FEATURE:1cxx_variable_templates
    Feature record: CXX_FEATURE:1cxx_variadic_macros
    Feature record: CXX_FEATURE:1cxx_variadic_templates


Detecting CXX [-std=c++14] compiler features compiled with the following output:
Change Dir: /home/ec2-user/tirta/supercomp2/projeto-03/build/CMakeFiles/CMakeTmp

Run Build Command:"/usr/bin/gmake" "cmTC_61776/fast"
/usr/bin/gmake -f CMakeFiles/cmTC_61776.dir/build.make CMakeFiles/cmTC_61776.dir/build
gmake[1]: Entering directory `/home/ec2-user/tirta/supercomp2/projeto-03/build/CMakeFiles/CMakeTmp'
Building CXX object CMakeFiles/cmTC_61776.dir/feature_tests.cxx.o
/usr/bin/c++    -std=c++14 -o CMakeFiles/cmTC_61776.dir/feature_tests.cxx.o -c /home/ec2-user/tirta/supercomp2/projeto-03/build/CMakeFiles/feature_tests.cxx
Linking CXX executable cmTC_61776
/usr/local/lib64/python3.7/site-packages/cmake/data/bin/cmake -E cmake_link_script CMakeFiles/cmTC_61776.dir/link.txt --verbose=1
/usr/bin/c++       -rdynamic CMakeFiles/cmTC_61776.dir/feature_tests.cxx.o  -o cmTC_61776 
gmake[1]: Leaving directory `/home/ec2-user/tirta/supercomp2/projeto-03/build/CMakeFiles/CMakeTmp'


    Feature record: CXX_FEATURE:1cxx_aggregate_default_initializers
    Feature record: CXX_FEATURE:1cxx_alias_templates
    Feature record: CXX_FEATURE:1cxx_alignas
    Feature record: CXX_FEATURE:1cxx_alignof
    Feature record: CXX_FEATURE:1cxx_attributes
    Feature record: CXX_FEATURE:1cxx_attribute_deprecated
    Feature record: CXX_FEATURE:1cxx_auto_type
    Feature record: CXX_FEATURE:1cxx_binary_literals
    Feature record: CXX_FEATURE:1cxx_constexpr
    Feature record: CXX_FEATURE:1cxx_contextual_conversions
    Feature record: CXX_FEATURE:1cxx_decltype
    Feature record: CXX_FEATURE:1cxx_decltype_auto
    Feature record: CXX_FEATURE:1cxx_decltype_incomplete_return_types
    Feature record: CXX_FEATURE:1cxx_default_function_template_args
    Feature record: CXX_FEATURE:1cxx_defaulted_functions
    Feature record: CXX_FEATURE:1cxx_defaulted_move_initializers
    Feature record: CXX_FEATURE:1cxx_delegating_constructors
    Feature record: CXX_FEATURE:1cxx_deleted_functions
    Feature record: CXX_FEATURE:1cxx_digit_separators
    Feature record: CXX_FEATURE:1cxx_enum_forward_declarations
    Feature record: CXX_FEATURE:1cxx_explicit_conversions
    Feature record: CXX_FEATURE:1cxx_extended_friend_declarations
    Feature record: CXX_FEATURE:1cxx_extern_templates
    Feature record: CXX_FEATURE:1cxx_final
    Feature record: CXX_FEATURE:1cxx_func_identifier
    Feature record: CXX_FEATURE:1cxx_generalized_initializers
    Feature record: CXX_FEATURE:1cxx_generic_lambdas
    Feature record: CXX_FEATURE:1cxx_inheriting_constructors
    Feature record: CXX_FEATURE:1cxx_inline_namespaces
    Feature record: CXX_FEATURE:1cxx_lambdas
    Feature record: CXX_FEATURE:1cxx_lambda_init_captures
    Feature record: CXX_FEATURE:1cxx_local_type_template_args
    Feature record: CXX_FEATURE:1cxx_long_long_type
    Feature record: CXX_FEATURE:1cxx_noexcept
    Feature record: CXX_FEATURE:1cxx_nonstatic_member_init
    Feature record: CXX_FEATURE:1cxx_nullptr
    Feature record: CXX_FEATURE:1cxx_override
    Feature record: CXX_FEATURE:1cxx_range_for
    Feature record: CXX_FEATURE:1cxx_raw_string_literals
    Feature record: CXX_FEATURE:1cxx_reference_qualified_functions
    Feature record: CXX_FEATURE:1cxx_relaxed_constexpr
    Feature record: CXX_FEATURE:1cxx_return_type_deduction
    Feature record: CXX_FEATURE:1cxx_right_angle_brackets
    Feature record: CXX_FEATURE:1cxx_rvalue_references
    Feature record: CXX_FEATURE:1cxx_sizeof_member
    Feature record: CXX_FEATURE:1cxx_static_assert
    Feature record: CXX_FEATURE:1cxx_strong_enums
    Feature record: CXX_FEATURE:1cxx_template_template_parameters
    Feature record: CXX_FEATURE:1cxx_thread_local
    Feature record: CXX_FEATURE:1cxx_trailing_return_types
    Feature record: CXX_FEATURE:1cxx_unicode_literals
    Feature record: CXX_FEATURE:1cxx_uniform_initialization
    Feature record: CXX_FEATURE:1cxx_unrestricted_unions
    Feature record: CXX_FEATURE:1cxx_user_literals
    Feature record: CXX_FEATURE:1cxx_variable_templates
    Feature record: CXX_FEATURE:1cxx_variadic_macros
    Feature record: CXX_FEATURE:1cxx_variadic_templates


Detecting CXX [-std=c++11] compiler features compiled with the following output:
Change Dir: /home/ec2-user/tirta/supercomp2/projeto-03/build/CMakeFiles/CMakeTmp

Run Build Command:"/usr/bin/gmake" "cmTC_79f2f/fast"
/usr/bin/gmake -f CMakeFiles/cmTC_79f2f.dir/build.make CMakeFiles/cmTC_79f2f.dir/build
gmake[1]: Entering directory `/home/ec2-user/tirta/supercomp2/projeto-03/build/CMakeFiles/CMakeTmp'
Building CXX object CMakeFiles/cmTC_79f2f.dir/feature_tests.cxx.o
/usr/bin/c++    -std=c++11 -o CMakeFiles/cmTC_79f2f.dir/feature_tests.cxx.o -c /home/ec2-user/tirta/supercomp2/projeto-03/build/CMakeFiles/feature_tests.cxx
Linking CXX executable cmTC_79f2f
/usr/local/lib64/python3.7/site-packages/cmake/data/bin/cmake -E cmake_link_script CMakeFiles/cmTC_79f2f.dir/link.txt --verbose=1
/usr/bin/c++       -rdynamic CMakeFiles/cmTC_79f2f.dir/feature_tests.cxx.o  -o cmTC_79f2f 
gmake[1]: Leaving directory `/home/ec2-user/tirta/supercomp2/projeto-03/build/CMakeFiles/CMakeTmp'


    Feature record: CXX_FEATURE:0cxx_aggregate_default_initializers
    Feature record: CXX_FEATURE:1cxx_alias_templates
    Feature record: CXX_FEATURE:1cxx_alignas
    Feature record: CXX_FEATURE:1cxx_alignof
    Feature record: CXX_FEATURE:1cxx_attributes
    Feature record: CXX_FEATURE:0cxx_attribute_deprecated
    Feature record: CXX_FEATURE:1cxx_auto_type
    Feature record: CXX_FEATURE:0cxx_binary_literals
    Feature record: CXX_FEATURE:1cxx_constexpr
    Feature record: CXX_FEATURE:0cxx_contextual_conversions
    Feature record: CXX_FEATURE:1cxx_decltype
    Feature record: CXX_FEATURE:0cxx_decltype_auto
    Feature record: CXX_FEATURE:1cxx_decltype_incomplete_return_types
    Feature record: CXX_FEATURE:1cxx_default_function_template_args
    Feature record: CXX_FEATURE:1cxx_defaulted_functions
    Feature record: CXX_FEATURE:1cxx_defaulted_move_initializers
    Feature record: CXX_FEATURE:1cxx_delegating_constructors
    Feature record: CXX_FEATURE:1cxx_deleted_functions
    Feature record: CXX_FEATURE:0cxx_digit_separators
    Feature record: CXX_FEATURE:1cxx_enum_forward_declarations
    Feature record: CXX_FEATURE:1cxx_explicit_conversions
    Feature record: CXX_FEATURE:1cxx_extended_friend_declarations
    Feature record: CXX_FEATURE:1cxx_extern_templates
    Feature record: CXX_FEATURE:1cxx_final
    Feature record: CXX_FEATURE:1cxx_func_identifier
    Feature record: CXX_FEATURE:1cxx_generalized_initializers
    Feature record: CXX_FEATURE:0cxx_generic_lambdas
    Feature record: CXX_FEATURE:1cxx_inheriting_constructors
    Feature record: CXX_FEATURE:1cxx_inline_namespaces
    Feature record: CXX_FEATURE:1cxx_lambdas
    Feature record: CXX_FEATURE:0cxx_lambda_init_captures
    Feature record: CXX_FEATURE:1cxx_local_type_template_args
    Feature record: CXX_FEATURE:1cxx_long_long_type
    Feature record: CXX_FEATURE:1cxx_noexcept
    Feature record: CXX_FEATURE:1cxx_nonstatic_member_init
    Feature record: CXX_FEATURE:1cxx_nullptr
    Feature record: CXX_FEATURE:1cxx_override
    Feature record: CXX_FEATURE:1cxx_range_for
    Feature record: CXX_FEATURE:1cxx_raw_string_literals
    Feature record: CXX_FEATURE:1cxx_reference_qualified_functions
    Feature record: CXX_FEATURE:0cxx_relaxed_constexpr
    Feature record: CXX_FEATURE:0cxx_return_type_deduction
    Feature record: CXX_FEATURE:1cxx_right_angle_brackets
    Feature record: CXX_FEATURE:1cxx_rvalue_references
    Feature record: CXX_FEATURE:1cxx_sizeof_member
    Feature record: CXX_FEATURE:1cxx_static_assert
    Feature record: CXX_FEATURE:1cxx_strong_enums
    Feature record: CXX_FEATURE:1cxx_template_template_parameters
    Feature record: CXX_FEATURE:1cxx_thread_local
    Feature record: CXX_FEATURE:1cxx_trailing_return_types
    Feature record: CXX_FEATURE:1cxx_unicode_literals
    Feature record: CXX_FEATURE:1cxx_uniform_initialization
    Feature record: CXX_FEATURE:1cxx_unrestricted_unions
    Feature record: CXX_FEATURE:1cxx_user_literals
    Feature record: CXX_FEATURE:0cxx_variable_templates
    Feature record: CXX_FEATURE:1cxx_variadic_macros
    Feature record: CXX_FEATURE:1cxx_variadic_templates


Detecting CXX [-std=c++98] compiler features compiled with the following output:
Change Dir: /home/ec2-user/tirta/supercomp2/projeto-03/build/CMakeFiles/CMakeTmp

Run Build Command:"/usr/bin/gmake" "cmTC_901f7/fast"
/usr/bin/gmake -f CMakeFiles/cmTC_901f7.dir/build.make CMakeFiles/cmTC_901f7.dir/build
gmake[1]: Entering directory `/home/ec2-user/tirta/supercomp2/projeto-03/build/CMakeFiles/CMakeTmp'
Building CXX object CMakeFiles/cmTC_901f7.dir/feature_tests.cxx.o
/usr/bin/c++    -std=c++98 -o CMakeFiles/cmTC_901f7.dir/feature_tests.cxx.o -c /home/ec2-user/tirta/supercomp2/projeto-03/build/CMakeFiles/feature_tests.cxx
Linking CXX executable cmTC_901f7
/usr/local/lib64/python3.7/site-packages/cmake/data/bin/cmake -E cmake_link_script CMakeFiles/cmTC_901f7.dir/link.txt --verbose=1
/usr/bin/c++       -rdynamic CMakeFiles/cmTC_901f7.dir/feature_tests.cxx.o  -o cmTC_901f7 
gmake[1]: Leaving directory `/home/ec2-user/tirta/supercomp2/projeto-03/build/CMakeFiles/CMakeTmp'


    Feature record: CXX_FEATURE:0cxx_aggregate_default_initializers
    Feature record: CXX_FEATURE:0cxx_alias_templates
    Feature record: CXX_FEATURE:0cxx_alignas
    Feature record: CXX_FEATURE:0cxx_alignof
    Feature record: CXX_FEATURE:0cxx_attributes
    Feature record: CXX_FEATURE:0cxx_attribute_deprecated
    Feature record: CXX_FEATURE:0cxx_auto_type
    Feature record: CXX_FEATURE:0cxx_binary_literals
    Feature record: CXX_FEATURE:0cxx_constexpr
    Feature record: CXX_FEATURE:0cxx_contextual_conversions
    Feature record: CXX_FEATURE:0cxx_decltype
    Feature record: CXX_FEATURE:0cxx_decltype_auto
    Feature record: CXX_FEATURE:0cxx_decltype_incomplete_return_types
    Feature record: CXX_FEATURE:0cxx_default_function_template_args
    Feature record: CXX_FEATURE:0cxx_defaulted_functions
    Feature record: CXX_FEATURE:0cxx_defaulted_move_initializers
    Feature record: CXX_FEATURE:0cxx_delegating_constructors
    Feature record: CXX_FEATURE:0cxx_deleted_functions
    Feature record: CXX_FEATURE:0cxx_digit_separators
    Feature record: CXX_FEATURE:0cxx_enum_forward_declarations
    Feature record: CXX_FEATURE:0cxx_explicit_conversions
    Feature record: CXX_FEATURE:0cxx_extended_friend_declarations
    Feature record: CXX_FEATURE:0cxx_extern_templates
    Feature record: CXX_FEATURE:0cxx_final
    Feature record: CXX_FEATURE:0cxx_func_identifier
    Feature record: CXX_FEATURE:0cxx_generalized_initializers
    Feature record: CXX_FEATURE:0cxx_generic_lambdas
    Feature record: CXX_FEATURE:0cxx_inheriting_constructors
    Feature record: CXX_FEATURE:0cxx_inline_namespaces
    Feature record: CXX_FEATURE:0cxx_lambdas
    Feature record: CXX_FEATURE:0cxx_lambda_init_captures
    Feature record: CXX_FEATURE:0cxx_local_type_template_args
    Feature record: CXX_FEATURE:0cxx_long_long_type
    Feature record: CXX_FEATURE:0cxx_noexcept
    Feature record: CXX_FEATURE:0cxx_nonstatic_member_init
    Feature record: CXX_FEATURE:0cxx_nullptr
    Feature record: CXX_FEATURE:0cxx_override
    Feature record: CXX_FEATURE:0cxx_range_for
    Feature record: CXX_FEATURE:0cxx_raw_string_literals
    Feature record: CXX_FEATURE:0cxx_reference_qualified_functions
    Feature record: CXX_FEATURE:0cxx_relaxed_constexpr
    Feature record: CXX_FEATURE:0cxx_return_type_deduction
    Feature record: CXX_FEATURE:0cxx_right_angle_brackets
    Feature record: CXX_FEATURE:0cxx_rvalue_references
    Feature record: CXX_FEATURE:0cxx_sizeof_member
    Feature record: CXX_FEATURE:0cxx_static_assert
    Feature record: CXX_FEATURE:0cxx_strong_enums
    Feature record: CXX_FEATURE:1cxx_template_template_parameters
    Feature record: CXX_FEATURE:0cxx_thread_local
    Feature record: CXX_FEATURE:0cxx_trailing_return_types
    Feature record: CXX_FEATURE:0cxx_unicode_literals
    Feature record: CXX_FEATURE:0cxx_uniform_initialization
    Feature record: CXX_FEATURE:0cxx_unrestricted_unions
    Feature record: CXX_FEATURE:0cxx_user_literals
    Feature record: CXX_FEATURE:0cxx_variable_templates
    Feature record: CXX_FEATURE:0cxx_variadic_macros
    Feature record: CXX_FEATURE:0cxx_variadic_templates
Determining if the CUDA compiler works passed with the following output:
Change Dir: /home/ec2-user/tirta/supercomp2/projeto-03/build/CMakeFiles/CMakeTmp

Run Build Command:"/usr/bin/gmake" "cmTC_83fde/fast"
/usr/bin/gmake -f CMakeFiles/cmTC_83fde.dir/build.make CMakeFiles/cmTC_83fde.dir/build
gmake[1]: Entering directory `/home/ec2-user/tirta/supercomp2/projeto-03/build/CMakeFiles/CMakeTmp'
Building CUDA object CMakeFiles/cmTC_83fde.dir/main.cu.o
/usr/local/cuda/bin/nvcc     -x cu -c /home/ec2-user/tirta/supercomp2/projeto-03/build/CMakeFiles/CMakeTmp/main.cu -o CMakeFiles/cmTC_83fde.dir/main.cu.o
Linking CUDA device code CMakeFiles/cmTC_83fde.dir/cmake_device_link.o
/usr/local/lib64/python3.7/site-packages/cmake/data/bin/cmake -E cmake_link_script CMakeFiles/cmTC_83fde.dir/dlink.txt --verbose=1
/usr/local/cuda/bin/nvcc    -Xcompiler=-fPIC -Wno-deprecated-gpu-targets -shared -dlink CMakeFiles/cmTC_83fde.dir/main.cu.o -o CMakeFiles/cmTC_83fde.dir/cmake_device_link.o 
Linking CUDA executable cmTC_83fde
/usr/local/lib64/python3.7/site-packages/cmake/data/bin/cmake -E cmake_link_script CMakeFiles/cmTC_83fde.dir/link.txt --verbose=1
/usr/bin/g++   CMakeFiles/cmTC_83fde.dir/main.cu.o CMakeFiles/cmTC_83fde.dir/cmake_device_link.o -o cmTC_83fde  -L"/usr/local/cuda/lib64/stubs" -L"/usr/local/cuda/lib64" -lcudadevrt -lcudart_static -lrt -lpthread -ldl
gmake[1]: Leaving directory `/home/ec2-user/tirta/supercomp2/projeto-03/build/CMakeFiles/CMakeTmp'


Detecting CUDA compiler ABI info compiled with the following output:
Change Dir: /home/ec2-user/tirta/supercomp2/projeto-03/build/CMakeFiles/CMakeTmp

Run Build Command:"/usr/bin/gmake" "cmTC_d9aae/fast"
/usr/bin/gmake -f CMakeFiles/cmTC_d9aae.dir/build.make CMakeFiles/cmTC_d9aae.dir/build
gmake[1]: Entering directory `/home/ec2-user/tirta/supercomp2/projeto-03/build/CMakeFiles/CMakeTmp'
Building CUDA object CMakeFiles/cmTC_d9aae.dir/CMakeCUDACompilerABI.cu.o
/usr/local/cuda/bin/nvcc     -x cu -c /usr/local/lib64/python3.7/site-packages/cmake/data/share/cmake-3.13/Modules/CMakeCUDACompilerABI.cu -o CMakeFiles/cmTC_d9aae.dir/CMakeCUDACompilerABI.cu.o
Linking CUDA device code CMakeFiles/cmTC_d9aae.dir/cmake_device_link.o
/usr/local/lib64/python3.7/site-packages/cmake/data/bin/cmake -E cmake_link_script CMakeFiles/cmTC_d9aae.dir/dlink.txt --verbose=1
/usr/local/cuda/bin/nvcc    -Xcompiler=-fPIC -Wno-deprecated-gpu-targets -shared -dlink CMakeFiles/cmTC_d9aae.dir/CMakeCUDACompilerABI.cu.o -o CMakeFiles/cmTC_d9aae.dir/cmake_device_link.o 
Linking CUDA executable cmTC_d9aae
/usr/local/lib64/python3.7/site-packages/cmake/data/bin/cmake -E cmake_link_script CMakeFiles/cmTC_d9aae.dir/link.txt --verbose=1
/usr/bin/g++  -v CMakeFiles/cmTC_d9aae.dir/CMakeCUDACompilerABI.cu.o CMakeFiles/cmTC_d9aae.dir/cmake_device_link.o -o cmTC_d9aae  -L"/usr/local/cuda/lib64/stubs" -L"/usr/local/cuda/lib64" -lcudadevrt -lcudart_static -lrt -lpthread -ldl
Using built-in specs.
COLLECT_GCC=/usr/bin/g++
COLLECT_LTO_WRAPPER=/usr/libexec/gcc/x86_64-redhat-linux/7/lto-wrapper
Target: x86_64-redhat-linux
Configured with: ../configure --enable-bootstrap --enable-languages=c,c++,objc,obj-c++,fortran,ada,go,lto --prefix=/usr --mandir=/usr/share/man --infodir=/usr/share/info --with-bugurl=http://bugzilla.redhat.com/bugzilla --enable-shared --enable-threads=posix --enable-checking=release --enable-multilib --with-system-zlib --enable-__cxa_atexit --disable-libunwind-exceptions --enable-gnu-unique-object --enable-linker-build-id --with-gcc-major-version-only --with-linker-hash-style=gnu --enable-plugin --enable-initfini-array --with-isl --enable-libmpx --enable-libsanitizer --enable-gnu-indirect-function --enable-libcilkrts --enable-libatomic --enable-libquadmath --enable-libitm --with-tune=generic --with-arch_32=x86-64 --build=x86_64-redhat-linux
Thread model: posix
gcc version 7.3.1 20180303 (Red Hat 7.3.1-5) (GCC) 
COMPILER_PATH=/usr/libexec/gcc/x86_64-redhat-linux/7/:/usr/libexec/gcc/x86_64-redhat-linux/7/:/usr/libexec/gcc/x86_64-redhat-linux/:/usr/lib/gcc/x86_64-redhat-linux/7/:/usr/lib/gcc/x86_64-redhat-linux/
LIBRARY_PATH=/usr/lib/gcc/x86_64-redhat-linux/7/:/usr/lib/gcc/x86_64-redhat-linux/7/../../../../lib64/:/lib/../lib64/:/usr/lib/../lib64/:/usr/lib/gcc/x86_64-redhat-linux/7/../../../:/lib/:/usr/lib/
COLLECT_GCC_OPTIONS='-v' '-o' 'cmTC_d9aae' '-L/usr/local/cuda/lib64/stubs' '-L/usr/local/cuda/lib64' '-shared-libgcc' '-mtune=generic' '-march=x86-64'
 /usr/libexec/gcc/x86_64-redhat-linux/7/collect2 -plugin /usr/libexec/gcc/x86_64-redhat-linux/7/liblto_plugin.so -plugin-opt=/usr/libexec/gcc/x86_64-redhat-linux/7/lto-wrapper -plugin-opt=-fresolution=/tmp/ccbnxCQk.res -plugin-opt=-pass-through=-lgcc_s -plugin-opt=-pass-through=-lgcc -plugin-opt=-pass-through=-lc -plugin-opt=-pass-through=-lgcc_s -plugin-opt=-pass-through=-lgcc --build-id --no-add-needed --eh-frame-hdr --hash-style=gnu -m elf_x86_64 -dynamic-linker /lib64/ld-linux-x86-64.so.2 -o cmTC_d9aae /usr/lib/gcc/x86_64-redhat-linux/7/../../../../lib64/crt1.o /usr/lib/gcc/x86_64-redhat-linux/7/../../../../lib64/crti.o /usr/lib/gcc/x86_64-redhat-linux/7/crtbegin.o -L/usr/local/cuda/lib64/stubs -L/usr/local/cuda/lib64 -L/usr/lib/gcc/x86_64-redhat-linux/7 -L/usr/lib/gcc/x86_64-redhat-linux/7/../../../../lib64 -L/lib/../lib64 -L/usr/lib/../lib64 -L/usr/lib/gcc/x86_64-redhat-linux/7/../../.. CMakeFiles/cmTC_d9aae.dir/CMakeCUDACompilerABI.cu.o CMakeFiles/cmTC_d9aae.dir/cmake_device_link.o -lcudadevrt -lcudart_static -lrt -lpthread -ldl -lstdc++ -lm -lgcc_s -lgcc -lc -lgcc_s -lgcc /usr/lib/gcc/x86_64-redhat-linux/7/crtend.o /usr/lib/gcc/x86_64-redhat-linux/7/../../../../lib64/crtn.o
COLLECT_GCC_OPTIONS='-v' '-o' 'cmTC_d9aae' '-L/usr/local/cuda/lib64/stubs' '-L/usr/local/cuda/lib64' '-shared-libgcc' '-mtune=generic' '-march=x86-64'
gmake[1]: Leaving directory `/home/ec2-user/tirta/supercomp2/projeto-03/build/CMakeFiles/CMakeTmp'


Parsed CUDA implicit link information from above output:
  link line regex: [^( *|.*[/\])(ld|CMAKE_LINK_STARTFILE-NOTFOUND|([^/\]+-)?ld|collect2)[^/\]*( |$)]
  ignore line: [Change Dir: /home/ec2-user/tirta/supercomp2/projeto-03/build/CMakeFiles/CMakeTmp]
  ignore line: []
  ignore line: [Run Build Command:"/usr/bin/gmake" "cmTC_d9aae/fast"]
  ignore line: [/usr/bin/gmake -f CMakeFiles/cmTC_d9aae.dir/build.make CMakeFiles/cmTC_d9aae.dir/build]
  ignore line: [gmake[1]: Entering directory `/home/ec2-user/tirta/supercomp2/projeto-03/build/CMakeFiles/CMakeTmp']
  ignore line: [Building CUDA object CMakeFiles/cmTC_d9aae.dir/CMakeCUDACompilerABI.cu.o]
  ignore line: [/usr/local/cuda/bin/nvcc     -x cu -c /usr/local/lib64/python3.7/site-packages/cmake/data/share/cmake-3.13/Modules/CMakeCUDACompilerABI.cu -o CMakeFiles/cmTC_d9aae.dir/CMakeCUDACompilerABI.cu.o]
  ignore line: [Linking CUDA device code CMakeFiles/cmTC_d9aae.dir/cmake_device_link.o]
  ignore line: [/usr/local/lib64/python3.7/site-packages/cmake/data/bin/cmake -E cmake_link_script CMakeFiles/cmTC_d9aae.dir/dlink.txt --verbose=1]
  ignore line: [/usr/local/cuda/bin/nvcc    -Xcompiler=-fPIC -Wno-deprecated-gpu-targets -shared -dlink CMakeFiles/cmTC_d9aae.dir/CMakeCUDACompilerABI.cu.o -o CMakeFiles/cmTC_d9aae.dir/cmake_device_link.o ]
  ignore line: [Linking CUDA executable cmTC_d9aae]
  ignore line: [/usr/local/lib64/python3.7/site-packages/cmake/data/bin/cmake -E cmake_link_script CMakeFiles/cmTC_d9aae.dir/link.txt --verbose=1]
  ignore line: [/usr/bin/g++  -v CMakeFiles/cmTC_d9aae.dir/CMakeCUDACompilerABI.cu.o CMakeFiles/cmTC_d9aae.dir/cmake_device_link.o -o cmTC_d9aae  -L"/usr/local/cuda/lib64/stubs" -L"/usr/local/cuda/lib64" -lcudadevrt -lcudart_static -lrt -lpthread -ldl]
  ignore line: [Using built-in specs.]
  ignore line: [COLLECT_GCC=/usr/bin/g++]
  ignore line: [COLLECT_LTO_WRAPPER=/usr/libexec/gcc/x86_64-redhat-linux/7/lto-wrapper]
  ignore line: [Target: x86_64-redhat-linux]
  ignore line: [Configured with: ../configure --enable-bootstrap --enable-languages=c,c++,objc,obj-c++,fortran,ada,go,lto --prefix=/usr --mandir=/usr/share/man --infodir=/usr/share/info --with-bugurl=http://bugzilla.redhat.com/bugzilla --enable-shared --enable-threads=posix --enable-checking=release --enable-multilib --with-system-zlib --enable-__cxa_atexit --disable-libunwind-exceptions --enable-gnu-unique-object --enable-linker-build-id --with-gcc-major-version-only --with-linker-hash-style=gnu --enable-plugin --enable-initfini-array --with-isl --enable-libmpx --enable-libsanitizer --enable-gnu-indirect-function --enable-libcilkrts --enable-libatomic --enable-libquadmath --enable-libitm --with-tune=generic --with-arch_32=x86-64 --build=x86_64-redhat-linux]
  ignore line: [Thread model: posix]
  ignore line: [gcc version 7.3.1 20180303 (Red Hat 7.3.1-5) (GCC) ]
  ignore line: [COMPILER_PATH=/usr/libexec/gcc/x86_64-redhat-linux/7/:/usr/libexec/gcc/x86_64-redhat-linux/7/:/usr/libexec/gcc/x86_64-redhat-linux/:/usr/lib/gcc/x86_64-redhat-linux/7/:/usr/lib/gcc/x86_64-redhat-linux/]
  ignore line: [LIBRARY_PATH=/usr/lib/gcc/x86_64-redhat-linux/7/:/usr/lib/gcc/x86_64-redhat-linux/7/../../../../lib64/:/lib/../lib64/:/usr/lib/../lib64/:/usr/lib/gcc/x86_64-redhat-linux/7/../../../:/lib/:/usr/lib/]
  ignore line: [COLLECT_GCC_OPTIONS='-v' '-o' 'cmTC_d9aae' '-L/usr/local/cuda/lib64/stubs' '-L/usr/local/cuda/lib64' '-shared-libgcc' '-mtune=generic' '-march=x86-64']
  link line: [ /usr/libexec/gcc/x86_64-redhat-linux/7/collect2 -plugin /usr/libexec/gcc/x86_64-redhat-linux/7/liblto_plugin.so -plugin-opt=/usr/libexec/gcc/x86_64-redhat-linux/7/lto-wrapper -plugin-opt=-fresolution=/tmp/ccbnxCQk.res -plugin-opt=-pass-through=-lgcc_s -plugin-opt=-pass-through=-lgcc -plugin-opt=-pass-through=-lc -plugin-opt=-pass-through=-lgcc_s -plugin-opt=-pass-through=-lgcc --build-id --no-add-needed --eh-frame-hdr --hash-style=gnu -m elf_x86_64 -dynamic-linker /lib64/ld-linux-x86-64.so.2 -o cmTC_d9aae /usr/lib/gcc/x86_64-redhat-linux/7/../../../../lib64/crt1.o /usr/lib/gcc/x86_64-redhat-linux/7/../../../../lib64/crti.o /usr/lib/gcc/x86_64-redhat-linux/7/crtbegin.o -L/usr/local/cuda/lib64/stubs -L/usr/local/cuda/lib64 -L/usr/lib/gcc/x86_64-redhat-linux/7 -L/usr/lib/gcc/x86_64-redhat-linux/7/../../../../lib64 -L/lib/../lib64 -L/usr/lib/../lib64 -L/usr/lib/gcc/x86_64-redhat-linux/7/../../.. CMakeFiles/cmTC_d9aae.dir/CMakeCUDACompilerABI.cu.o CMakeFiles/cmTC_d9aae.dir/cmake_device_link.o -lcudadevrt -lcudart_static -lrt -lpthread -ldl -lstdc++ -lm -lgcc_s -lgcc -lc -lgcc_s -lgcc /usr/lib/gcc/x86_64-redhat-linux/7/crtend.o /usr/lib/gcc/x86_64-redhat-linux/7/../../../../lib64/crtn.o]
    arg [/usr/libexec/gcc/x86_64-redhat-linux/7/collect2] ==> ignore
    arg [-plugin] ==> ignore
    arg [/usr/libexec/gcc/x86_64-redhat-linux/7/liblto_plugin.so] ==> ignore
    arg [-plugin-opt=/usr/libexec/gcc/x86_64-redhat-linux/7/lto-wrapper] ==> ignore
    arg [-plugin-opt=-fresolution=/tmp/ccbnxCQk.res] ==> ignore
    arg [-plugin-opt=-pass-through=-lgcc_s] ==> ignore
    arg [-plugin-opt=-pass-through=-lgcc] ==> ignore
    arg [-plugin-opt=-pass-through=-lc] ==> ignore
    arg [-plugin-opt=-pass-through=-lgcc_s] ==> ignore
    arg [-plugin-opt=-pass-through=-lgcc] ==> ignore
    arg [--build-id] ==> ignore
    arg [--no-add-needed] ==> ignore
    arg [--eh-frame-hdr] ==> ignore
    arg [--hash-style=gnu] ==> ignore
    arg [-m] ==> ignore
    arg [elf_x86_64] ==> ignore
    arg [-dynamic-linker] ==> ignore
    arg [/lib64/ld-linux-x86-64.so.2] ==> ignore
    arg [-o] ==> ignore
    arg [cmTC_d9aae] ==> ignore
    arg [/usr/lib/gcc/x86_64-redhat-linux/7/../../../../lib64/crt1.o] ==> ignore
    arg [/usr/lib/gcc/x86_64-redhat-linux/7/../../../../lib64/crti.o] ==> ignore
    arg [/usr/lib/gcc/x86_64-redhat-linux/7/crtbegin.o] ==> ignore
    arg [-L/usr/local/cuda/lib64/stubs] ==> dir [/usr/local/cuda/lib64/stubs]
    arg [-L/usr/local/cuda/lib64] ==> dir [/usr/local/cuda/lib64]
    arg [-L/usr/lib/gcc/x86_64-redhat-linux/7] ==> dir [/usr/lib/gcc/x86_64-redhat-linux/7]
    arg [-L/usr/lib/gcc/x86_64-redhat-linux/7/../../../../lib64] ==> dir [/usr/lib/gcc/x86_64-redhat-linux/7/../../../../lib64]
    arg [-L/lib/../lib64] ==> dir [/lib/../lib64]
    arg [-L/usr/lib/../lib64] ==> dir [/usr/lib/../lib64]
    arg [-L/usr/lib/gcc/x86_64-redhat-linux/7/../../..] ==> dir [/usr/lib/gcc/x86_64-redhat-linux/7/../../..]
    arg [CMakeFiles/cmTC_d9aae.dir/CMakeCUDACompilerABI.cu.o] ==> ignore
    arg [CMakeFiles/cmTC_d9aae.dir/cmake_device_link.o] ==> ignore
    arg [-lcudadevrt] ==> lib [cudadevrt]
    arg [-lcudart_static] ==> lib [cudart_static]
    arg [-lrt] ==> lib [rt]
    arg [-lpthread] ==> lib [pthread]
    arg [-ldl] ==> lib [dl]
    arg [-lstdc++] ==> lib [stdc++]
    arg [-lm] ==> lib [m]
    arg [-lgcc_s] ==> lib [gcc_s]
    arg [-lgcc] ==> lib [gcc]
    arg [-lc] ==> lib [c]
    arg [-lgcc_s] ==> lib [gcc_s]
    arg [-lgcc] ==> lib [gcc]
    arg [/usr/lib/gcc/x86_64-redhat-linux/7/crtend.o] ==> ignore
    arg [/usr/lib/gcc/x86_64-redhat-linux/7/../../../../lib64/crtn.o] ==> ignore
  collapse library dir [/usr/local/cuda/lib64/stubs] ==> [/usr/local/cuda/lib64/stubs]
  collapse library dir [/usr/local/cuda/lib64] ==> [/usr/local/cuda/lib64]
  collapse library dir [/usr/lib/gcc/x86_64-redhat-linux/7] ==> [/usr/lib/gcc/x86_64-redhat-linux/7]
  collapse library dir [/usr/lib/gcc/x86_64-redhat-linux/7/../../../../lib64] ==> [/usr/lib64]
  collapse library dir [/lib/../lib64] ==> [/lib64]
  collapse library dir [/usr/lib/../lib64] ==> [/usr/lib64]
  collapse library dir [/usr/lib/gcc/x86_64-redhat-linux/7/../../..] ==> [/usr/lib]
  implicit libs: [cudadevrt;cudart_static;rt;pthread;dl;stdc++;m;gcc_s;gcc;c;gcc_s;gcc]
  implicit dirs: [/usr/local/cuda/lib64/stubs;/usr/local/cuda/lib64;/usr/lib/gcc/x86_64-redhat-linux/7;/usr/lib64;/lib64;/usr/lib]
  implicit fwks: []


Detecting CXX OpenMP compiler ABI info compiled with the following output:
Change Dir: /home/ec2-user/tirta/supercomp2/projeto-03/build/CMakeFiles/CMakeTmp

Run Build Command:"/usr/bin/gmake" "cmTC_dd880/fast"
/usr/bin/gmake -f CMakeFiles/cmTC_dd880.dir/build.make CMakeFiles/cmTC_dd880.dir/build
gmake[1]: Entering directory `/home/ec2-user/tirta/supercomp2/projeto-03/build/CMakeFiles/CMakeTmp'
Building CXX object CMakeFiles/cmTC_dd880.dir/OpenMPTryFlag.cpp.o
/usr/bin/c++    -fopenmp -v   -o CMakeFiles/cmTC_dd880.dir/OpenMPTryFlag.cpp.o -c /home/ec2-user/tirta/supercomp2/projeto-03/build/CMakeFiles/FindOpenMP/OpenMPTryFlag.cpp
Using built-in specs.
COLLECT_GCC=/usr/bin/c++
Target: x86_64-redhat-linux
Configured with: ../configure --enable-bootstrap --enable-languages=c,c++,objc,obj-c++,fortran,ada,go,lto --prefix=/usr --mandir=/usr/share/man --infodir=/usr/share/info --with-bugurl=http://bugzilla.redhat.com/bugzilla --enable-shared --enable-threads=posix --enable-checking=release --enable-multilib --with-system-zlib --enable-__cxa_atexit --disable-libunwind-exceptions --enable-gnu-unique-object --enable-linker-build-id --with-gcc-major-version-only --with-linker-hash-style=gnu --enable-plugin --enable-initfini-array --with-isl --enable-libmpx --enable-libsanitizer --enable-gnu-indirect-function --enable-libcilkrts --enable-libatomic --enable-libquadmath --enable-libitm --with-tune=generic --with-arch_32=x86-64 --build=x86_64-redhat-linux
Thread model: posix
gcc version 7.3.1 20180303 (Red Hat 7.3.1-5) (GCC) 
COLLECT_GCC_OPTIONS='-fopenmp' '-v' '-o' 'CMakeFiles/cmTC_dd880.dir/OpenMPTryFlag.cpp.o' '-c' '-shared-libgcc' '-mtune=generic' '-march=x86-64' '-pthread'
 /usr/libexec/gcc/x86_64-redhat-linux/7/cc1plus -quiet -v -D_GNU_SOURCE -D_REENTRANT /home/ec2-user/tirta/supercomp2/projeto-03/build/CMakeFiles/FindOpenMP/OpenMPTryFlag.cpp -quiet -dumpbase OpenMPTryFlag.cpp -mtune=generic -march=x86-64 -auxbase-strip CMakeFiles/cmTC_dd880.dir/OpenMPTryFlag.cpp.o -version -fopenmp -o /tmp/ccp339is.s
GNU C++14 (GCC) version 7.3.1 20180303 (Red Hat 7.3.1-5) (x86_64-redhat-linux)
	compiled by GNU C version 7.3.1 20180303 (Red Hat 7.3.1-5), GMP version 6.0.0, MPFR version 3.1.1, MPC version 1.0.1, isl version none
GGC heuristics: --param ggc-min-expand=100 --param ggc-min-heapsize=131072
ignoring nonexistent directory "/usr/lib/gcc/x86_64-redhat-linux/7/include-fixed"
ignoring nonexistent directory "/usr/lib/gcc/x86_64-redhat-linux/7/../../../../x86_64-redhat-linux/include"
#include "..." search starts here:
#include <...> search starts here:
 /usr/lib/gcc/x86_64-redhat-linux/7/../../../../include/c++/7
 /usr/lib/gcc/x86_64-redhat-linux/7/../../../../include/c++/7/x86_64-redhat-linux
 /usr/lib/gcc/x86_64-redhat-linux/7/../../../../include/c++/7/backward
 /usr/lib/gcc/x86_64-redhat-linux/7/include
 /usr/local/include
 /usr/include
End of search list.
GNU C++14 (GCC) version 7.3.1 20180303 (Red Hat 7.3.1-5) (x86_64-redhat-linux)
	compiled by GNU C version 7.3.1 20180303 (Red Hat 7.3.1-5), GMP version 6.0.0, MPFR version 3.1.1, MPC version 1.0.1, isl version none
GGC heuristics: --param ggc-min-expand=100 --param ggc-min-heapsize=131072
Compiler executable checksum: d856d2b4c11f2889f074ca83d5b3946e
COLLECT_GCC_OPTIONS='-fopenmp' '-v' '-o' 'CMakeFiles/cmTC_dd880.dir/OpenMPTryFlag.cpp.o' '-c' '-shared-libgcc' '-mtune=generic' '-march=x86-64' '-pthread'
 as -v --64 -o CMakeFiles/cmTC_dd880.dir/OpenMPTryFlag.cpp.o /tmp/ccp339is.s
GNU assembler version 2.29.1 (x86_64-redhat-linux) using BFD version version 2.29.1-27.amzn2.0.2
COMPILER_PATH=/usr/libexec/gcc/x86_64-redhat-linux/7/:/usr/libexec/gcc/x86_64-redhat-linux/7/:/usr/libexec/gcc/x86_64-redhat-linux/:/usr/lib/gcc/x86_64-redhat-linux/7/:/usr/lib/gcc/x86_64-redhat-linux/
LIBRARY_PATH=/usr/lib/gcc/x86_64-redhat-linux/7/:/usr/lib/gcc/x86_64-redhat-linux/7/../../../../lib64/:/lib/../lib64/:/usr/lib/../lib64/:/usr/lib/gcc/x86_64-redhat-linux/7/../../../:/lib/:/usr/lib/
COLLECT_GCC_OPTIONS='-fopenmp' '-v' '-o' 'CMakeFiles/cmTC_dd880.dir/OpenMPTryFlag.cpp.o' '-c' '-shared-libgcc' '-mtune=generic' '-march=x86-64' '-pthread'
Linking CXX executable cmTC_dd880
/usr/local/lib64/python3.7/site-packages/cmake/data/bin/cmake -E cmake_link_script CMakeFiles/cmTC_dd880.dir/link.txt --verbose=1
/usr/bin/c++   -fopenmp -v    -rdynamic CMakeFiles/cmTC_dd880.dir/OpenMPTryFlag.cpp.o  -o cmTC_dd880 -v 
Using built-in specs.
COLLECT_GCC=/usr/bin/c++
COLLECT_LTO_WRAPPER=/usr/libexec/gcc/x86_64-redhat-linux/7/lto-wrapper
Target: x86_64-redhat-linux
Configured with: ../configure --enable-bootstrap --enable-languages=c,c++,objc,obj-c++,fortran,ada,go,lto --prefix=/usr --mandir=/usr/share/man --infodir=/usr/share/info --with-bugurl=http://bugzilla.redhat.com/bugzilla --enable-shared --enable-threads=posix --enable-checking=release --enable-multilib --with-system-zlib --enable-__cxa_atexit --disable-libunwind-exceptions --enable-gnu-unique-object --enable-linker-build-id --with-gcc-major-version-only --with-linker-hash-style=gnu --enable-plugin --enable-initfini-array --with-isl --enable-libmpx --enable-libsanitizer --enable-gnu-indirect-function --enable-libcilkrts --enable-libatomic --enable-libquadmath --enable-libitm --with-tune=generic --with-arch_32=x86-64 --build=x86_64-redhat-linux
Thread model: posix
gcc version 7.3.1 20180303 (Red Hat 7.3.1-5) (GCC) 
COMPILER_PATH=/usr/libexec/gcc/x86_64-redhat-linux/7/:/usr/libexec/gcc/x86_64-redhat-linux/7/:/usr/libexec/gcc/x86_64-redhat-linux/:/usr/lib/gcc/x86_64-redhat-linux/7/:/usr/lib/gcc/x86_64-redhat-linux/
LIBRARY_PATH=/usr/lib/gcc/x86_64-redhat-linux/7/:/usr/lib/gcc/x86_64-redhat-linux/7/../../../../lib64/:/lib/../lib64/:/usr/lib/../lib64/:/usr/lib/gcc/x86_64-redhat-linux/7/../../../:/lib/:/usr/lib/
Reading specs from /usr/lib/gcc/x86_64-redhat-linux/7/libgomp.spec
COLLECT_GCC_OPTIONS='-fopenmp' '-v' '-rdynamic' '-o' 'cmTC_dd880' '-v' '-shared-libgcc' '-mtune=generic' '-march=x86-64' '-pthread'
 /usr/libexec/gcc/x86_64-redhat-linux/7/collect2 -plugin /usr/libexec/gcc/x86_64-redhat-linux/7/liblto_plugin.so -plugin-opt=/usr/libexec/gcc/x86_64-redhat-linux/7/lto-wrapper -plugin-opt=-fresolution=/tmp/ccSUwN3t.res -plugin-opt=-pass-through=-lgcc_s -plugin-opt=-pass-through=-lgcc -plugin-opt=-pass-through=-lpthread -plugin-opt=-pass-through=-lc -plugin-opt=-pass-through=-lgcc_s -plugin-opt=-pass-through=-lgcc --build-id --no-add-needed --eh-frame-hdr --hash-style=gnu -m elf_x86_64 -export-dynamic -dynamic-linker /lib64/ld-linux-x86-64.so.2 -o cmTC_dd880 /usr/lib/gcc/x86_64-redhat-linux/7/../../../../lib64/crt1.o /usr/lib/gcc/x86_64-redhat-linux/7/../../../../lib64/crti.o /usr/lib/gcc/x86_64-redhat-linux/7/crtbegin.o -L/usr/lib/gcc/x86_64-redhat-linux/7 -L/usr/lib/gcc/x86_64-redhat-linux/7/../../../../lib64 -L/lib/../lib64 -L/usr/lib/../lib64 -L/usr/lib/gcc/x86_64-redhat-linux/7/../../.. CMakeFiles/cmTC_dd880.dir/OpenMPTryFlag.cpp.o -lstdc++ -lm -lgomp -lgcc_s -lgcc -lpthread -lc -lgcc_s -lgcc /usr/lib/gcc/x86_64-redhat-linux/7/crtend.o /usr/lib/gcc/x86_64-redhat-linux/7/../../../../lib64/crtn.o
COLLECT_GCC_OPTIONS='-fopenmp' '-v' '-rdynamic' '-o' 'cmTC_dd880' '-v' '-shared-libgcc' '-mtune=generic' '-march=x86-64' '-pthread'
gmake[1]: Leaving directory `/home/ec2-user/tirta/supercomp2/projeto-03/build/CMakeFiles/CMakeTmp'


Parsed CXX OpenMP implicit link information from above output:
  link line regex: [^( *|.*[/\])(ld|CMAKE_LINK_STARTFILE-NOTFOUND|([^/\]+-)?ld|collect2)[^/\]*( |$)]
  ignore line: [Change Dir: /home/ec2-user/tirta/supercomp2/projeto-03/build/CMakeFiles/CMakeTmp]
  ignore line: []
  ignore line: [Run Build Command:"/usr/bin/gmake" "cmTC_dd880/fast"]
  ignore line: [/usr/bin/gmake -f CMakeFiles/cmTC_dd880.dir/build.make CMakeFiles/cmTC_dd880.dir/build]
  ignore line: [gmake[1]: Entering directory `/home/ec2-user/tirta/supercomp2/projeto-03/build/CMakeFiles/CMakeTmp']
  ignore line: [Building CXX object CMakeFiles/cmTC_dd880.dir/OpenMPTryFlag.cpp.o]
  ignore line: [/usr/bin/c++    -fopenmp -v   -o CMakeFiles/cmTC_dd880.dir/OpenMPTryFlag.cpp.o -c /home/ec2-user/tirta/supercomp2/projeto-03/build/CMakeFiles/FindOpenMP/OpenMPTryFlag.cpp]
  ignore line: [Using built-in specs.]
  ignore line: [COLLECT_GCC=/usr/bin/c++]
  ignore line: [Target: x86_64-redhat-linux]
  ignore line: [Configured with: ../configure --enable-bootstrap --enable-languages=c,c++,objc,obj-c++,fortran,ada,go,lto --prefix=/usr --mandir=/usr/share/man --infodir=/usr/share/info --with-bugurl=http://bugzilla.redhat.com/bugzilla --enable-shared --enable-threads=posix --enable-checking=release --enable-multilib --with-system-zlib --enable-__cxa_atexit --disable-libunwind-exceptions --enable-gnu-unique-object --enable-linker-build-id --with-gcc-major-version-only --with-linker-hash-style=gnu --enable-plugin --enable-initfini-array --with-isl --enable-libmpx --enable-libsanitizer --enable-gnu-indirect-function --enable-libcilkrts --enable-libatomic --enable-libquadmath --enable-libitm --with-tune=generic --with-arch_32=x86-64 --build=x86_64-redhat-linux]
  ignore line: [Thread model: posix]
  ignore line: [gcc version 7.3.1 20180303 (Red Hat 7.3.1-5) (GCC) ]
  ignore line: [COLLECT_GCC_OPTIONS='-fopenmp' '-v' '-o' 'CMakeFiles/cmTC_dd880.dir/OpenMPTryFlag.cpp.o' '-c' '-shared-libgcc' '-mtune=generic' '-march=x86-64' '-pthread']
  ignore line: [ /usr/libexec/gcc/x86_64-redhat-linux/7/cc1plus -quiet -v -D_GNU_SOURCE -D_REENTRANT /home/ec2-user/tirta/supercomp2/projeto-03/build/CMakeFiles/FindOpenMP/OpenMPTryFlag.cpp -quiet -dumpbase OpenMPTryFlag.cpp -mtune=generic -march=x86-64 -auxbase-strip CMakeFiles/cmTC_dd880.dir/OpenMPTryFlag.cpp.o -version -fopenmp -o /tmp/ccp339is.s]
  ignore line: [GNU C++14 (GCC) version 7.3.1 20180303 (Red Hat 7.3.1-5) (x86_64-redhat-linux)]
  ignore line: [	compiled by GNU C version 7.3.1 20180303 (Red Hat 7.3.1-5), GMP version 6.0.0, MPFR version 3.1.1, MPC version 1.0.1, isl version none]
  ignore line: [GGC heuristics: --param ggc-min-expand=100 --param ggc-min-heapsize=131072]
  ignore line: [ignoring nonexistent directory "/usr/lib/gcc/x86_64-redhat-linux/7/include-fixed"]
  ignore line: [ignoring nonexistent directory "/usr/lib/gcc/x86_64-redhat-linux/7/../../../../x86_64-redhat-linux/include"]
  ignore line: [#include "..." search starts here:]
  ignore line: [#include <...> search starts here:]
  ignore line: [ /usr/lib/gcc/x86_64-redhat-linux/7/../../../../include/c++/7]
  ignore line: [ /usr/lib/gcc/x86_64-redhat-linux/7/../../../../include/c++/7/x86_64-redhat-linux]
  ignore line: [ /usr/lib/gcc/x86_64-redhat-linux/7/../../../../include/c++/7/backward]
  ignore line: [ /usr/lib/gcc/x86_64-redhat-linux/7/include]
  ignore line: [ /usr/local/include]
  ignore line: [ /usr/include]
  ignore line: [End of search list.]
  ignore line: [GNU C++14 (GCC) version 7.3.1 20180303 (Red Hat 7.3.1-5) (x86_64-redhat-linux)]
  ignore line: [	compiled by GNU C version 7.3.1 20180303 (Red Hat 7.3.1-5), GMP version 6.0.0, MPFR version 3.1.1, MPC version 1.0.1, isl version none]
  ignore line: [GGC heuristics: --param ggc-min-expand=100 --param ggc-min-heapsize=131072]
  ignore line: [Compiler executable checksum: d856d2b4c11f2889f074ca83d5b3946e]
  ignore line: [COLLECT_GCC_OPTIONS='-fopenmp' '-v' '-o' 'CMakeFiles/cmTC_dd880.dir/OpenMPTryFlag.cpp.o' '-c' '-shared-libgcc' '-mtune=generic' '-march=x86-64' '-pthread']
  ignore line: [ as -v --64 -o CMakeFiles/cmTC_dd880.dir/OpenMPTryFlag.cpp.o /tmp/ccp339is.s]
  ignore line: [GNU assembler version 2.29.1 (x86_64-redhat-linux) using BFD version version 2.29.1-27.amzn2.0.2]
  ignore line: [COMPILER_PATH=/usr/libexec/gcc/x86_64-redhat-linux/7/:/usr/libexec/gcc/x86_64-redhat-linux/7/:/usr/libexec/gcc/x86_64-redhat-linux/:/usr/lib/gcc/x86_64-redhat-linux/7/:/usr/lib/gcc/x86_64-redhat-linux/]
  ignore line: [LIBRARY_PATH=/usr/lib/gcc/x86_64-redhat-linux/7/:/usr/lib/gcc/x86_64-redhat-linux/7/../../../../lib64/:/lib/../lib64/:/usr/lib/../lib64/:/usr/lib/gcc/x86_64-redhat-linux/7/../../../:/lib/:/usr/lib/]
  ignore line: [COLLECT_GCC_OPTIONS='-fopenmp' '-v' '-o' 'CMakeFiles/cmTC_dd880.dir/OpenMPTryFlag.cpp.o' '-c' '-shared-libgcc' '-mtune=generic' '-march=x86-64' '-pthread']
  ignore line: [Linking CXX executable cmTC_dd880]
  ignore line: [/usr/local/lib64/python3.7/site-packages/cmake/data/bin/cmake -E cmake_link_script CMakeFiles/cmTC_dd880.dir/link.txt --verbose=1]
  ignore line: [/usr/bin/c++   -fopenmp -v    -rdynamic CMakeFiles/cmTC_dd880.dir/OpenMPTryFlag.cpp.o  -o cmTC_dd880 -v ]
  ignore line: [Using built-in specs.]
  ignore line: [COLLECT_GCC=/usr/bin/c++]
  ignore line: [COLLECT_LTO_WRAPPER=/usr/libexec/gcc/x86_64-redhat-linux/7/lto-wrapper]
  ignore line: [Target: x86_64-redhat-linux]
  ignore line: [Configured with: ../configure --enable-bootstrap --enable-languages=c,c++,objc,obj-c++,fortran,ada,go,lto --prefix=/usr --mandir=/usr/share/man --infodir=/usr/share/info --with-bugurl=http://bugzilla.redhat.com/bugzilla --enable-shared --enable-threads=posix --enable-checking=release --enable-multilib --with-system-zlib --enable-__cxa_atexit --disable-libunwind-exceptions --enable-gnu-unique-object --enable-linker-build-id --with-gcc-major-version-only --with-linker-hash-style=gnu --enable-plugin --enable-initfini-array --with-isl --enable-libmpx --enable-libsanitizer --enable-gnu-indirect-function --enable-libcilkrts --enable-libatomic --enable-libquadmath --enable-libitm --with-tune=generic --with-arch_32=x86-64 --build=x86_64-redhat-linux]
  ignore line: [Thread model: posix]
  ignore line: [gcc version 7.3.1 20180303 (Red Hat 7.3.1-5) (GCC) ]
  ignore line: [COMPILER_PATH=/usr/libexec/gcc/x86_64-redhat-linux/7/:/usr/libexec/gcc/x86_64-redhat-linux/7/:/usr/libexec/gcc/x86_64-redhat-linux/:/usr/lib/gcc/x86_64-redhat-linux/7/:/usr/lib/gcc/x86_64-redhat-linux/]
  ignore line: [LIBRARY_PATH=/usr/lib/gcc/x86_64-redhat-linux/7/:/usr/lib/gcc/x86_64-redhat-linux/7/../../../../lib64/:/lib/../lib64/:/usr/lib/../lib64/:/usr/lib/gcc/x86_64-redhat-linux/7/../../../:/lib/:/usr/lib/]
  ignore line: [Reading specs from /usr/lib/gcc/x86_64-redhat-linux/7/libgomp.spec]
  ignore line: [COLLECT_GCC_OPTIONS='-fopenmp' '-v' '-rdynamic' '-o' 'cmTC_dd880' '-v' '-shared-libgcc' '-mtune=generic' '-march=x86-64' '-pthread']
  link line: [ /usr/libexec/gcc/x86_64-redhat-linux/7/collect2 -plugin /usr/libexec/gcc/x86_64-redhat-linux/7/liblto_plugin.so -plugin-opt=/usr/libexec/gcc/x86_64-redhat-linux/7/lto-wrapper -plugin-opt=-fresolution=/tmp/ccSUwN3t.res -plugin-opt=-pass-through=-lgcc_s -plugin-opt=-pass-through=-lgcc -plugin-opt=-pass-through=-lpthread -plugin-opt=-pass-through=-lc -plugin-opt=-pass-through=-lgcc_s -plugin-opt=-pass-through=-lgcc --build-id --no-add-needed --eh-frame-hdr --hash-style=gnu -m elf_x86_64 -export-dynamic -dynamic-linker /lib64/ld-linux-x86-64.so.2 -o cmTC_dd880 /usr/lib/gcc/x86_64-redhat-linux/7/../../../../lib64/crt1.o /usr/lib/gcc/x86_64-redhat-linux/7/../../../../lib64/crti.o /usr/lib/gcc/x86_64-redhat-linux/7/crtbegin.o -L/usr/lib/gcc/x86_64-redhat-linux/7 -L/usr/lib/gcc/x86_64-redhat-linux/7/../../../../lib64 -L/lib/../lib64 -L/usr/lib/../lib64 -L/usr/lib/gcc/x86_64-redhat-linux/7/../../.. CMakeFiles/cmTC_dd880.dir/OpenMPTryFlag.cpp.o -lstdc++ -lm -lgomp -lgcc_s -lgcc -lpthread -lc -lgcc_s -lgcc /usr/lib/gcc/x86_64-redhat-linux/7/crtend.o /usr/lib/gcc/x86_64-redhat-linux/7/../../../../lib64/crtn.o]
    arg [/usr/libexec/gcc/x86_64-redhat-linux/7/collect2] ==> ignore
    arg [-plugin] ==> ignore
    arg [/usr/libexec/gcc/x86_64-redhat-linux/7/liblto_plugin.so] ==> ignore
    arg [-plugin-opt=/usr/libexec/gcc/x86_64-redhat-linux/7/lto-wrapper] ==> ignore
    arg [-plugin-opt=-fresolution=/tmp/ccSUwN3t.res] ==> ignore
    arg [-plugin-opt=-pass-through=-lgcc_s] ==> ignore
    arg [-plugin-opt=-pass-through=-lgcc] ==> ignore
    arg [-plugin-opt=-pass-through=-lpthread] ==> ignore
    arg [-plugin-opt=-pass-through=-lc] ==> ignore
    arg [-plugin-opt=-pass-through=-lgcc_s] ==> ignore
    arg [-plugin-opt=-pass-through=-lgcc] ==> ignore
    arg [--build-id] ==> ignore
    arg [--no-add-needed] ==> ignore
    arg [--eh-frame-hdr] ==> ignore
    arg [--hash-style=gnu] ==> ignore
    arg [-m] ==> ignore
    arg [elf_x86_64] ==> ignore
    arg [-export-dynamic] ==> ignore
    arg [-dynamic-linker] ==> ignore
    arg [/lib64/ld-linux-x86-64.so.2] ==> ignore
    arg [-o] ==> ignore
    arg [cmTC_dd880] ==> ignore
    arg [/usr/lib/gcc/x86_64-redhat-linux/7/../../../../lib64/crt1.o] ==> ignore
    arg [/usr/lib/gcc/x86_64-redhat-linux/7/../../../../lib64/crti.o] ==> ignore
    arg [/usr/lib/gcc/x86_64-redhat-linux/7/crtbegin.o] ==> ignore
    arg [-L/usr/lib/gcc/x86_64-redhat-linux/7] ==> dir [/usr/lib/gcc/x86_64-redhat-linux/7]
    arg [-L/usr/lib/gcc/x86_64-redhat-linux/7/../../../../lib64] ==> dir [/usr/lib/gcc/x86_64-redhat-linux/7/../../../../lib64]
    arg [-L/lib/../lib64] ==> dir [/lib/../lib64]
    arg [-L/usr/lib/../lib64] ==> dir [/usr/lib/../lib64]
    arg [-L/usr/lib/gcc/x86_64-redhat-linux/7/../../..] ==> dir [/usr/lib/gcc/x86_64-redhat-linux/7/../../..]
    arg [CMakeFiles/cmTC_dd880.dir/OpenMPTryFlag.cpp.o] ==> ignore
    arg [-lstdc++] ==> lib [stdc++]
    arg [-lm] ==> lib [m]
    arg [-lgomp] ==> lib [gomp]
    arg [-lgcc_s] ==> lib [gcc_s]
    arg [-lgcc] ==> lib [gcc]
    arg [-lpthread] ==> lib [pthread]
    arg [-lc] ==> lib [c]
    arg [-lgcc_s] ==> lib [gcc_s]
    arg [-lgcc] ==> lib [gcc]
    arg [/usr/lib/gcc/x86_64-redhat-linux/7/crtend.o] ==> ignore
    arg [/usr/lib/gcc/x86_64-redhat-linux/7/../../../../lib64/crtn.o] ==> ignore
  collapse library dir [/usr/lib/gcc/x86_64-redhat-linux/7] ==> [/usr/lib/gcc/x86_64-redhat-linux/7]
  collapse library dir [/usr/lib/gcc/x86_64-redhat-linux/7/../../../../lib64] ==> [/usr/lib64]
  collapse library dir [/lib/../lib64] ==> [/lib64]
  collapse library dir [/usr/lib/../lib64] ==> [/usr/lib64]
  collapse library dir [/usr/lib/gcc/x86_64-redhat-linux/7/../../..] ==> [/usr/lib]
  implicit libs: [stdc++;m;gomp;gcc_s;gcc;pthread;c;gcc_s;gcc]
  implicit dirs: [/usr/lib/gcc/x86_64-redhat-linux/7;/usr/lib64;/lib64;/usr/lib]
  implicit fwks: []


